2019-08-09 08:55:10 [2@29ccf9123833]
Atenção: um e-mail não foi entregue para cti@sudam.gov.br com mais 5 tentativas restantes.. Mensagem: [GLPI #0000003] Chamado solucionado Atolamento de Papel, Erro: SMTP connect() failed. https://github.com/PHPMailer/PHPMailer/wiki/Troubleshooting
2019-08-09 08:59:29 [247@29ccf9123833]
Atenção: um e-mail não foi entregue para cti@sudam.gov.br com mais 5 tentativas restantes.. Mensagem: [GLPI #0000003] Encerramento do chamado Atolamento de Papel, Erro: SMTP connect() failed. https://github.com/PHPMailer/PHPMailer/wiki/Troubleshooting
2019-09-04 10:44:15 [2@3ab56e61a69f]
Atenção: um e-mail não foi entregue para sudamapps@gmail.com com mais 5 tentativas restantes.. Mensagem: [GLPI #0000015] Novo acompanhamento cabo de rede desconectado, Erro: Invalid address:  (Sender): CTI
2019-09-04 10:44:15 [2@3ab56e61a69f]
Atenção: um e-mail não foi entregue para madson.carvalho@sudam.gov.br com mais 5 tentativas restantes.. Mensagem: [GLPI #0000015] Novo acompanhamento cabo de rede desconectado, Erro: Invalid address:  (Sender): CTI
2019-09-04 10:44:15 [2@3ab56e61a69f]
Atenção: um e-mail não foi entregue para marcos.ferreira@sudam.gov.br com mais 5 tentativas restantes.. Mensagem: [GLPI #0000015] Novo acompanhamento cabo de rede desconectado, Erro: Invalid address:  (Sender): CTI
2019-09-04 11:08:01 [2@3ab56e61a69f]
Atenção: um e-mail não foi entregue para sudamapps@gmail.com com mais 4 tentativas restantes.. Mensagem: [GLPI #0000015] Novo acompanhamento cabo de rede desconectado, Erro: Invalid address:  (Sender): CTI
2019-09-04 11:08:01 [2@3ab56e61a69f]
Atenção: um e-mail não foi entregue para madson.carvalho@sudam.gov.br com mais 4 tentativas restantes.. Mensagem: [GLPI #0000015] Novo acompanhamento cabo de rede desconectado, Erro: Invalid address:  (Sender): CTI
2019-09-04 11:08:01 [2@3ab56e61a69f]
Atenção: um e-mail não foi entregue para marcos.ferreira@sudam.gov.br com mais 4 tentativas restantes.. Mensagem: [GLPI #0000015] Novo acompanhamento cabo de rede desconectado, Erro: Invalid address:  (Sender): CTI
2019-09-04 11:11:03 [385@3ab56e61a69f]
Atenção: um e-mail não foi entregue para admin@sudam.gov.br com mais 5 tentativas restantes.. Mensagem: [GLPI #0000069] Novo chamado JESSYCA DE OLIVEIRA BORGES, Erro: Invalid address:  (Sender): CTI
2019-09-04 11:12:30 [385@3ab56e61a69f]
Atenção: um e-mail não foi entregue para admin@sudam.gov.br com mais 5 tentativas restantes.. Mensagem: [GLPI #0000070] Novo chamado sla teste aceso interet, Erro: Invalid address:  (Sender): CTI
2019-09-04 11:16:04 [385@3ab56e61a69f]
Atenção: um e-mail não foi entregue para admin@sudam.gov.br com mais 5 tentativas restantes.. Mensagem: [GLPI #0000071] Novo chamado sla novo teste, Erro: Invalid address:  (Sender): CTI
2019-09-04 11:23:34 [247@3ab56e61a69f]
Atenção: um e-mail não foi entregue para developerjessicaborges@gmail.com com mais 5 tentativas restantes.. Mensagem: [GLPI #0000071] Novo chamado sla novo teste, Erro: Invalid address:  (Sender): CTI
2019-09-04 11:34:56 [247@3ab56e61a69f]
Atenção: um e-mail não foi entregue para admin@sudam.gov.br com mais 5 tentativas restantes.. Mensagem: [GLPI #0000068] Novo chamado testse sla, Erro: Invalid address:  (Sender): CTI
2019-09-04 11:34:56 [247@3ab56e61a69f]
Atenção: um e-mail não foi entregue para developerjessicaborges@gmail.com com mais 5 tentativas restantes.. Mensagem: [GLPI #0000068] Novo chamado testse sla, Erro: Invalid address:  (Sender): CTI
2019-09-04 11:34:56 [247@3ab56e61a69f]
Atenção: um e-mail não foi entregue para sudamapps@gmail.com com mais 3 tentativas restantes.. Mensagem: [GLPI #0000015] Novo acompanhamento cabo de rede desconectado, Erro: Invalid address:  (Sender): CTI
2019-09-04 11:34:56 [247@3ab56e61a69f]
Atenção: um e-mail não foi entregue para madson.carvalho@sudam.gov.br com mais 3 tentativas restantes.. Mensagem: [GLPI #0000015] Novo acompanhamento cabo de rede desconectado, Erro: Invalid address:  (Sender): CTI
2019-09-04 11:34:56 [247@3ab56e61a69f]
Atenção: um e-mail não foi entregue para marcos.ferreira@sudam.gov.br com mais 3 tentativas restantes.. Mensagem: [GLPI #0000015] Novo acompanhamento cabo de rede desconectado, Erro: Invalid address:  (Sender): CTI
2019-09-04 11:34:56 [247@3ab56e61a69f]
Atenção: um e-mail não foi entregue para developerjessicaborges@gmail.com com mais 5 tentativas restantes.. Mensagem: [GLPI #0000069] Novo chamado JESSYCA DE OLIVEIRA BORGES, Erro: Invalid address:  (Sender): CTI
2019-09-04 11:34:56 [247@3ab56e61a69f]
Atenção: um e-mail não foi entregue para developerjessicaborges@gmail.com com mais 5 tentativas restantes.. Mensagem: [GLPI #0000070] Novo chamado sla teste aceso interet, Erro: Invalid address:  (Sender): CTI
2019-09-04 11:34:56 [247@3ab56e61a69f]
Atenção: um e-mail não foi entregue para admin@sudam.gov.br com mais 4 tentativas restantes.. Mensagem: [GLPI #0000069] Novo chamado JESSYCA DE OLIVEIRA BORGES, Erro: Invalid address:  (Sender): CTI
2019-09-04 11:34:56 [247@3ab56e61a69f]
Atenção: um e-mail não foi entregue para admin@sudam.gov.br com mais 4 tentativas restantes.. Mensagem: [GLPI #0000070] Novo chamado sla teste aceso interet, Erro: Invalid address:  (Sender): CTI
2019-09-04 11:34:56 [247@3ab56e61a69f]
Atenção: um e-mail não foi entregue para admin@sudam.gov.br com mais 5 tentativas restantes.. Mensagem: [GLPI #0000071] Atualização de uma tarefa sla novo teste, Erro: Invalid address:  (Sender): CTI
2019-09-04 11:34:57 [247@3ab56e61a69f]
Atenção: um e-mail não foi entregue para developerjessicaborges@gmail.com com mais 5 tentativas restantes.. Mensagem: [GLPI #0000071] Atualização de uma tarefa sla novo teste, Erro: Invalid address:  (Sender): CTI
2019-09-04 13:01:47 [2@3ab56e61a69f]
Atenção: um e-mail não foi entregue para sudamapps@gmail.com com mais 2 tentativas restantes.. Mensagem: [GLPI #0000015] Novo acompanhamento cabo de rede desconectado, Erro: Invalid address:  (Sender): CTI
2019-09-04 13:01:47 [2@3ab56e61a69f]
Atenção: um e-mail não foi entregue para madson.carvalho@sudam.gov.br com mais 2 tentativas restantes.. Mensagem: [GLPI #0000015] Novo acompanhamento cabo de rede desconectado, Erro: Invalid address:  (Sender): CTI
2019-09-04 13:01:47 [2@3ab56e61a69f]
Atenção: um e-mail não foi entregue para marcos.ferreira@sudam.gov.br com mais 2 tentativas restantes.. Mensagem: [GLPI #0000015] Novo acompanhamento cabo de rede desconectado, Erro: Invalid address:  (Sender): CTI
2019-09-04 13:01:47 [2@3ab56e61a69f]
Atenção: um e-mail não foi entregue para admin@sudam.gov.br com mais 4 tentativas restantes.. Mensagem: [GLPI #0000068] Novo chamado testse sla, Erro: Invalid address:  (Sender): CTI
2019-09-04 13:01:48 [2@3ab56e61a69f]
Atenção: um e-mail não foi entregue para developerjessicaborges@gmail.com com mais 4 tentativas restantes.. Mensagem: [GLPI #0000068] Novo chamado testse sla, Erro: Invalid address:  (Sender): CTI
2019-09-04 13:01:48 [2@3ab56e61a69f]
Atenção: um e-mail não foi entregue para admin@sudam.gov.br com mais 3 tentativas restantes.. Mensagem: [GLPI #0000069] Novo chamado JESSYCA DE OLIVEIRA BORGES, Erro: Invalid address:  (Sender): CTI
2019-09-04 13:01:48 [2@3ab56e61a69f]
Atenção: um e-mail não foi entregue para developerjessicaborges@gmail.com com mais 4 tentativas restantes.. Mensagem: [GLPI #0000069] Novo chamado JESSYCA DE OLIVEIRA BORGES, Erro: Invalid address:  (Sender): CTI
2019-09-04 13:01:48 [2@3ab56e61a69f]
Atenção: um e-mail não foi entregue para admin@sudam.gov.br com mais 3 tentativas restantes.. Mensagem: [GLPI #0000070] Novo chamado sla teste aceso interet, Erro: Invalid address:  (Sender): CTI
2019-09-04 13:01:48 [2@3ab56e61a69f]
Atenção: um e-mail não foi entregue para developerjessicaborges@gmail.com com mais 4 tentativas restantes.. Mensagem: [GLPI #0000070] Novo chamado sla teste aceso interet, Erro: Invalid address:  (Sender): CTI
2019-09-04 13:01:48 [2@3ab56e61a69f]
Atenção: um e-mail não foi entregue para admin@sudam.gov.br com mais 5 tentativas restantes.. Mensagem: [GLPI #0000071] Atualização de uma tarefa sla novo teste, Erro: Invalid address:  (Sender): CTI
2019-09-04 13:01:48 [2@3ab56e61a69f]
Atenção: um e-mail não foi entregue para developerjessicaborges@gmail.com com mais 5 tentativas restantes.. Mensagem: [GLPI #0000071] Atualização de uma tarefa sla novo teste, Erro: Invalid address:  (Sender): CTI
2019-09-04 13:11:02 [247@3ab56e61a69f]
Atenção: um e-mail não foi entregue para admin@sudam.gov.br com mais 5 tentativas restantes.. Mensagem: [GLPI #0000072] Novo chamado Teste-1, Erro: Invalid address:  (Sender): CTI
2019-09-04 13:11:39 [2@3ab56e61a69f]
Atenção: um e-mail não foi entregue para msccarmo@hotmail.com com mais 5 tentativas restantes.. Mensagem: [GLPI #0000072] Novo chamado Teste-1, Erro: Invalid address:  (Sender): CTI
2019-09-04 13:47:48 [385@3ab56e61a69f]
Atenção: um e-mail não foi entregue para sudamapps@gmail.com com mais 1 tentativas restantes.. Mensagem: [GLPI #0000015] Novo acompanhamento cabo de rede desconectado, Erro: Invalid address:  (Sender): CTI
2019-09-04 13:47:48 [385@3ab56e61a69f]
Atenção: um e-mail não foi entregue para madson.carvalho@sudam.gov.br com mais 1 tentativas restantes.. Mensagem: [GLPI #0000015] Novo acompanhamento cabo de rede desconectado, Erro: Invalid address:  (Sender): CTI
2019-09-04 13:47:48 [385@3ab56e61a69f]
Atenção: um e-mail não foi entregue para marcos.ferreira@sudam.gov.br com mais 1 tentativas restantes.. Mensagem: [GLPI #0000015] Novo acompanhamento cabo de rede desconectado, Erro: Invalid address:  (Sender): CTI
2019-09-04 13:47:48 [385@3ab56e61a69f]
Atenção: um e-mail não foi entregue para admin@sudam.gov.br com mais 3 tentativas restantes.. Mensagem: [GLPI #0000068] Novo chamado testse sla, Erro: Invalid address:  (Sender): CTI
2019-09-04 13:47:48 [385@3ab56e61a69f]
Atenção: um e-mail não foi entregue para developerjessicaborges@gmail.com com mais 3 tentativas restantes.. Mensagem: [GLPI #0000068] Novo chamado testse sla, Erro: Invalid address:  (Sender): CTI
2019-09-04 13:47:48 [385@3ab56e61a69f]
Atenção: um e-mail não foi entregue para admin@sudam.gov.br com mais 2 tentativas restantes.. Mensagem: [GLPI #0000069] Novo chamado JESSYCA DE OLIVEIRA BORGES, Erro: Invalid address:  (Sender): CTI
2019-09-04 13:47:49 [385@3ab56e61a69f]
Atenção: um e-mail não foi entregue para developerjessicaborges@gmail.com com mais 3 tentativas restantes.. Mensagem: [GLPI #0000069] Novo chamado JESSYCA DE OLIVEIRA BORGES, Erro: Invalid address:  (Sender): CTI
2019-09-04 13:47:49 [385@3ab56e61a69f]
Atenção: um e-mail não foi entregue para admin@sudam.gov.br com mais 2 tentativas restantes.. Mensagem: [GLPI #0000070] Novo chamado sla teste aceso interet, Erro: Invalid address:  (Sender): CTI
2019-09-04 13:47:49 [385@3ab56e61a69f]
Atenção: um e-mail não foi entregue para developerjessicaborges@gmail.com com mais 3 tentativas restantes.. Mensagem: [GLPI #0000070] Novo chamado sla teste aceso interet, Erro: Invalid address:  (Sender): CTI
2019-09-04 13:47:49 [385@3ab56e61a69f]
Atenção: um e-mail não foi entregue para admin@sudam.gov.br com mais 5 tentativas restantes.. Mensagem: [GLPI #0000072] Atualização de uma tarefa Teste-1, Erro: Invalid address:  (Sender): CTI
2019-09-04 13:47:49 [385@3ab56e61a69f]
Atenção: um e-mail não foi entregue para msccarmo@hotmail.com com mais 5 tentativas restantes.. Mensagem: [GLPI #0000072] Atualização de uma tarefa Teste-1, Erro: Invalid address:  (Sender): CTI
2019-09-04 13:47:49 [385@3ab56e61a69f]
Atenção: um e-mail não foi entregue para admin@sudam.gov.br com mais 5 tentativas restantes.. Mensagem: [GLPI #0000071] Atualização de uma tarefa sla novo teste, Erro: Invalid address:  (Sender): CTI
2019-09-04 13:47:49 [385@3ab56e61a69f]
Atenção: um e-mail não foi entregue para developerjessicaborges@gmail.com com mais 5 tentativas restantes.. Mensagem: [GLPI #0000071] Atualização de uma tarefa sla novo teste, Erro: Invalid address:  (Sender): CTI
2019-09-04 13:48:02 [385@3ab56e61a69f]
Atenção: um e-mail não foi entregue para admin@sudam.gov.br com mais 5 tentativas restantes.. Mensagem: [GLPI #0000073] Novo chamado tawraw, Erro: Invalid address:  (Sender): CTI
2019-09-04 13:49:24 [385@3ab56e61a69f]
Atenção: um e-mail não foi entregue para admin@sudam.gov.br com mais 5 tentativas restantes.. Mensagem: [GLPI #0000074] Novo chamado awqdqwd, Erro: Invalid address:  (Sender): CTI
2019-09-04 13:50:14 [385@3ab56e61a69f]
Atenção: um e-mail não foi entregue para admin@sudam.gov.br com mais 5 tentativas restantes.. Mensagem: [GLPI #0000075] Novo chamado rwerqwe, Erro: Invalid address:  (Sender): CTI
2019-09-04 13:58:30 [2@3ab56e61a69f]
Atenção: um e-mail não foi entregue para developerjessicaborges@gmail.com com mais 5 tentativas restantes.. Mensagem: [GLPI #0000073] Novo chamado tawraw, Erro: Invalid address:  (Sender): CTI
2019-09-04 13:58:30 [2@3ab56e61a69f]
Atenção: um e-mail não foi entregue para developerjessicaborges@gmail.com com mais 5 tentativas restantes.. Mensagem: [GLPI #0000074] Novo chamado awqdqwd, Erro: Invalid address:  (Sender): CTI
2019-09-04 13:58:30 [2@3ab56e61a69f]
Atenção: um e-mail não foi entregue para sudamapps@gmail.com com mais 0 tentativas restantes.. Mensagem: [GLPI #0000015] Novo acompanhamento cabo de rede desconectado, Erro: Invalid address:  (Sender): CTI
2019-09-04 13:58:30 [2@3ab56e61a69f]
Erro fatal: desistindo da entrega do e-mail para sudamapps@gmail.com: [GLPI #0000015] Novo acompanhamento cabo de rede desconectado
2019-09-04 13:58:30 [2@3ab56e61a69f]
Atenção: um e-mail não foi entregue para madson.carvalho@sudam.gov.br com mais 0 tentativas restantes.. Mensagem: [GLPI #0000015] Novo acompanhamento cabo de rede desconectado, Erro: Invalid address:  (Sender): CTI
2019-09-04 13:58:30 [2@3ab56e61a69f]
Erro fatal: desistindo da entrega do e-mail para madson.carvalho@sudam.gov.br: [GLPI #0000015] Novo acompanhamento cabo de rede desconectado
2019-09-04 13:58:30 [2@3ab56e61a69f]
Atenção: um e-mail não foi entregue para marcos.ferreira@sudam.gov.br com mais 0 tentativas restantes.. Mensagem: [GLPI #0000015] Novo acompanhamento cabo de rede desconectado, Erro: Invalid address:  (Sender): CTI
2019-09-04 13:58:30 [2@3ab56e61a69f]
Erro fatal: desistindo da entrega do e-mail para marcos.ferreira@sudam.gov.br: [GLPI #0000015] Novo acompanhamento cabo de rede desconectado
2019-09-04 13:58:31 [2@3ab56e61a69f]
Atenção: um e-mail não foi entregue para admin@sudam.gov.br com mais 2 tentativas restantes.. Mensagem: [GLPI #0000068] Novo chamado testse sla, Erro: Invalid address:  (Sender): CTI
2019-09-04 13:58:31 [2@3ab56e61a69f]
Atenção: um e-mail não foi entregue para developerjessicaborges@gmail.com com mais 2 tentativas restantes.. Mensagem: [GLPI #0000068] Novo chamado testse sla, Erro: Invalid address:  (Sender): CTI
2019-09-04 13:58:31 [2@3ab56e61a69f]
Atenção: um e-mail não foi entregue para admin@sudam.gov.br com mais 1 tentativas restantes.. Mensagem: [GLPI #0000069] Novo chamado JESSYCA DE OLIVEIRA BORGES, Erro: Invalid address:  (Sender): CTI
2019-09-04 13:58:31 [2@3ab56e61a69f]
Atenção: um e-mail não foi entregue para admin@sudam.gov.br com mais 4 tentativas restantes.. Mensagem: [GLPI #0000072] Atualização de uma tarefa Teste-1, Erro: Invalid address:  (Sender): CTI
2019-09-04 13:58:31 [2@3ab56e61a69f]
Atenção: um e-mail não foi entregue para msccarmo@hotmail.com com mais 4 tentativas restantes.. Mensagem: [GLPI #0000072] Atualização de uma tarefa Teste-1, Erro: Invalid address:  (Sender): CTI
2019-09-04 13:58:31 [2@3ab56e61a69f]
Atenção: um e-mail não foi entregue para admin@sudam.gov.br com mais 4 tentativas restantes.. Mensagem: [GLPI #0000071] Atualização de uma tarefa sla novo teste, Erro: Invalid address:  (Sender): CTI
2019-09-04 13:58:31 [2@3ab56e61a69f]
Atenção: um e-mail não foi entregue para developerjessicaborges@gmail.com com mais 4 tentativas restantes.. Mensagem: [GLPI #0000071] Atualização de uma tarefa sla novo teste, Erro: Invalid address:  (Sender): CTI
2019-09-04 13:58:31 [2@3ab56e61a69f]
Atenção: um e-mail não foi entregue para developerjessicaborges@gmail.com com mais 2 tentativas restantes.. Mensagem: [GLPI #0000069] Novo chamado JESSYCA DE OLIVEIRA BORGES, Erro: Invalid address:  (Sender): CTI
2019-09-04 13:58:31 [2@3ab56e61a69f]
Atenção: um e-mail não foi entregue para admin@sudam.gov.br com mais 1 tentativas restantes.. Mensagem: [GLPI #0000070] Novo chamado sla teste aceso interet, Erro: Invalid address:  (Sender): CTI
2019-09-04 13:58:32 [2@3ab56e61a69f]
Atenção: um e-mail não foi entregue para developerjessicaborges@gmail.com com mais 2 tentativas restantes.. Mensagem: [GLPI #0000070] Novo chamado sla teste aceso interet, Erro: Invalid address:  (Sender): CTI
2019-09-04 13:58:32 [2@3ab56e61a69f]
Atenção: um e-mail não foi entregue para admin@sudam.gov.br com mais 4 tentativas restantes.. Mensagem: [GLPI #0000073] Novo chamado tawraw, Erro: Invalid address:  (Sender): CTI
2019-09-04 13:58:32 [2@3ab56e61a69f]
Atenção: um e-mail não foi entregue para developerjessicaborges@gmail.com com mais 5 tentativas restantes.. Mensagem: [GLPI #0000075] Novo chamado rwerqwe, Erro: Invalid address:  (Sender): CTI
2019-09-04 13:58:32 [2@3ab56e61a69f]
Atenção: um e-mail não foi entregue para admin@sudam.gov.br com mais 4 tentativas restantes.. Mensagem: [GLPI #0000074] Novo chamado awqdqwd, Erro: Invalid address:  (Sender): CTI
2019-09-04 13:58:32 [2@3ab56e61a69f]
Atenção: um e-mail não foi entregue para admin@sudam.gov.br com mais 4 tentativas restantes.. Mensagem: [GLPI #0000075] Novo chamado rwerqwe, Erro: Invalid address:  (Sender): CTI
2019-09-04 14:08:29 [385@3ab56e61a69f]
Atenção: um e-mail não foi entregue para admin@sudam.gov.br com mais 5 tentativas restantes.. Mensagem: [GLPI #0000076] Novo chamado fefqwfq, Erro: Invalid address:  (Sender): CTI
2019-09-04 14:09:45 [385@3ab56e61a69f]
Atenção: um e-mail não foi entregue para admin@sudam.gov.br com mais 5 tentativas restantes.. Mensagem: [GLPI #0000077] Novo chamado ggregerg, Erro: Invalid address:  (Sender): CTI
2019-09-04 14:11:15 [385@3ab56e61a69f]
Atenção: um e-mail não foi entregue para admin@sudam.gov.br com mais 5 tentativas restantes.. Mensagem: [GLPI #0000078] Novo chamado dfasdfa, Erro: Invalid address:  (Sender): CTI
2019-09-04 14:11:31 [385@3ab56e61a69f]
Atenção: um e-mail não foi entregue para admin@sudam.gov.br com mais 5 tentativas restantes.. Mensagem: [GLPI #0000079] Novo chamado dqwdqwd, Erro: Invalid address:  (Sender): CTI
2019-09-04 14:12:55 [2@3ab56e61a69f]
Atenção: um e-mail não foi entregue para developerjessicaborges@gmail.com com mais 4 tentativas restantes.. Mensagem: [GLPI #0000073] Novo chamado tawraw, Erro: Invalid address:  (Sender): CTI
2019-09-04 14:12:55 [2@3ab56e61a69f]
Atenção: um e-mail não foi entregue para developerjessicaborges@gmail.com com mais 4 tentativas restantes.. Mensagem: [GLPI #0000074] Novo chamado awqdqwd, Erro: Invalid address:  (Sender): CTI
2019-09-04 14:12:55 [2@3ab56e61a69f]
Atenção: um e-mail não foi entregue para admin@sudam.gov.br com mais 3 tentativas restantes.. Mensagem: [GLPI #0000072] Atualização de uma tarefa Teste-1, Erro: Invalid address:  (Sender): CTI
2019-09-04 14:12:55 [2@3ab56e61a69f]
Atenção: um e-mail não foi entregue para msccarmo@hotmail.com com mais 3 tentativas restantes.. Mensagem: [GLPI #0000072] Atualização de uma tarefa Teste-1, Erro: Invalid address:  (Sender): CTI
2019-09-04 14:12:55 [2@3ab56e61a69f]
Atenção: um e-mail não foi entregue para admin@sudam.gov.br com mais 3 tentativas restantes.. Mensagem: [GLPI #0000071] Atualização de uma tarefa sla novo teste, Erro: Invalid address:  (Sender): CTI
2019-09-04 14:12:55 [2@3ab56e61a69f]
Atenção: um e-mail não foi entregue para developerjessicaborges@gmail.com com mais 3 tentativas restantes.. Mensagem: [GLPI #0000071] Atualização de uma tarefa sla novo teste, Erro: Invalid address:  (Sender): CTI
2019-09-04 14:12:55 [2@3ab56e61a69f]
Atenção: um e-mail não foi entregue para admin@sudam.gov.br com mais 1 tentativas restantes.. Mensagem: [GLPI #0000068] Novo chamado testse sla, Erro: Invalid address:  (Sender): CTI
2019-09-04 14:12:55 [2@3ab56e61a69f]
Atenção: um e-mail não foi entregue para developerjessicaborges@gmail.com com mais 1 tentativas restantes.. Mensagem: [GLPI #0000068] Novo chamado testse sla, Erro: Invalid address:  (Sender): CTI
2019-09-04 14:12:56 [2@3ab56e61a69f]
Atenção: um e-mail não foi entregue para admin@sudam.gov.br com mais 0 tentativas restantes.. Mensagem: [GLPI #0000069] Novo chamado JESSYCA DE OLIVEIRA BORGES, Erro: Invalid address:  (Sender): CTI
2019-09-04 14:12:56 [2@3ab56e61a69f]
Erro fatal: desistindo da entrega do e-mail para admin@sudam.gov.br: [GLPI #0000069] Novo chamado JESSYCA DE OLIVEIRA BORGES
2019-09-04 14:12:56 [2@3ab56e61a69f]
Atenção: um e-mail não foi entregue para developerjessicaborges@gmail.com com mais 1 tentativas restantes.. Mensagem: [GLPI #0000069] Novo chamado JESSYCA DE OLIVEIRA BORGES, Erro: Invalid address:  (Sender): CTI
2019-09-04 14:12:56 [2@3ab56e61a69f]
Atenção: um e-mail não foi entregue para admin@sudam.gov.br com mais 0 tentativas restantes.. Mensagem: [GLPI #0000070] Novo chamado sla teste aceso interet, Erro: Invalid address:  (Sender): CTI
2019-09-04 14:12:56 [2@3ab56e61a69f]
Erro fatal: desistindo da entrega do e-mail para admin@sudam.gov.br: [GLPI #0000070] Novo chamado sla teste aceso interet
2019-09-04 14:12:56 [2@3ab56e61a69f]
Atenção: um e-mail não foi entregue para admin@sudam.gov.br com mais 3 tentativas restantes.. Mensagem: [GLPI #0000073] Novo chamado tawraw, Erro: Invalid address:  (Sender): CTI
2019-09-04 14:12:56 [2@3ab56e61a69f]
Atenção: um e-mail não foi entregue para admin@sudam.gov.br com mais 3 tentativas restantes.. Mensagem: [GLPI #0000074] Novo chamado awqdqwd, Erro: Invalid address:  (Sender): CTI
2019-09-04 14:12:56 [2@3ab56e61a69f]
Atenção: um e-mail não foi entregue para admin@sudam.gov.br com mais 3 tentativas restantes.. Mensagem: [GLPI #0000075] Novo chamado rwerqwe, Erro: Invalid address:  (Sender): CTI
2019-09-04 14:12:56 [2@3ab56e61a69f]
Atenção: um e-mail não foi entregue para developerjessicaborges@gmail.com com mais 4 tentativas restantes.. Mensagem: [GLPI #0000075] Novo chamado rwerqwe, Erro: Invalid address:  (Sender): CTI
2019-09-04 14:12:56 [2@3ab56e61a69f]
Atenção: um e-mail não foi entregue para developerjessicaborges@gmail.com com mais 1 tentativas restantes.. Mensagem: [GLPI #0000070] Novo chamado sla teste aceso interet, Erro: Invalid address:  (Sender): CTI
2019-09-04 14:12:56 [2@3ab56e61a69f]
Atenção: um e-mail não foi entregue para developerjessicaborges@gmail.com com mais 5 tentativas restantes.. Mensagem: [GLPI #0000076] Novo chamado fefqwfq, Erro: Invalid address:  (Sender): CTI
2019-09-04 14:12:56 [2@3ab56e61a69f]
Atenção: um e-mail não foi entregue para developerjessicaborges@gmail.com com mais 5 tentativas restantes.. Mensagem: [GLPI #0000077] Novo chamado ggregerg, Erro: Invalid address:  (Sender): CTI
2019-09-04 14:12:56 [2@3ab56e61a69f]
Atenção: um e-mail não foi entregue para admin@sudam.gov.br com mais 4 tentativas restantes.. Mensagem: [GLPI #0000076] Novo chamado fefqwfq, Erro: Invalid address:  (Sender): CTI
2019-09-04 14:12:56 [2@3ab56e61a69f]
Atenção: um e-mail não foi entregue para developerjessicaborges@gmail.com com mais 5 tentativas restantes.. Mensagem: [GLPI #0000078] Novo chamado dfasdfa, Erro: Invalid address:  (Sender): CTI
2019-09-04 14:12:57 [2@3ab56e61a69f]
Atenção: um e-mail não foi entregue para developerjessicaborges@gmail.com com mais 5 tentativas restantes.. Mensagem: [GLPI #0000079] Novo chamado dqwdqwd, Erro: Invalid address:  (Sender): CTI
2019-09-04 14:12:57 [2@3ab56e61a69f]
Atenção: um e-mail não foi entregue para admin@sudam.gov.br com mais 4 tentativas restantes.. Mensagem: [GLPI #0000077] Novo chamado ggregerg, Erro: Invalid address:  (Sender): CTI
2019-09-04 14:12:57 [2@3ab56e61a69f]
Atenção: um e-mail não foi entregue para admin@sudam.gov.br com mais 5 tentativas restantes.. Mensagem: [GLPI #0000080] Novo chamado ffqwef, Erro: Invalid address:  (Sender): CTI
2019-09-04 14:12:57 [2@3ab56e61a69f]
Atenção: um e-mail não foi entregue para developerjessicaborges@gmail.com com mais 5 tentativas restantes.. Mensagem: [GLPI #0000080] Novo chamado ffqwef, Erro: Invalid address:  (Sender): CTI
2019-09-04 14:12:57 [2@3ab56e61a69f]
Atenção: um e-mail não foi entregue para admin@sudam.gov.br com mais 5 tentativas restantes.. Mensagem: [GLPI #0000081] Novo chamado dqwdqw, Erro: Invalid address:  (Sender): CTI
2019-09-04 14:12:57 [2@3ab56e61a69f]
Atenção: um e-mail não foi entregue para developerjessicaborges@gmail.com com mais 5 tentativas restantes.. Mensagem: [GLPI #0000081] Novo chamado dqwdqw, Erro: Invalid address:  (Sender): CTI
2019-09-04 14:12:57 [2@3ab56e61a69f]
Atenção: um e-mail não foi entregue para admin@sudam.gov.br com mais 4 tentativas restantes.. Mensagem: [GLPI #0000078] Novo chamado dfasdfa, Erro: Invalid address:  (Sender): CTI
2019-09-04 14:12:57 [2@3ab56e61a69f]
Atenção: um e-mail não foi entregue para admin@sudam.gov.br com mais 4 tentativas restantes.. Mensagem: [GLPI #0000079] Novo chamado dqwdqwd, Erro: Invalid address:  (Sender): CTI
2019-09-04 14:13:14 [385@3ab56e61a69f]
Atenção: um e-mail não foi entregue para admin@sudam.gov.br com mais 5 tentativas restantes.. Mensagem: [GLPI #0000082] Novo chamado qwefqwef, Erro: Invalid address:  (Sender): CTI
2019-09-04 14:15:20 [385@3ab56e61a69f]
Atenção: um e-mail não foi entregue para admin@sudam.gov.br com mais 5 tentativas restantes.. Mensagem: [GLPI #0000083] Novo chamado 3652345, Erro: Invalid address:  (Sender): CTI
2019-09-04 14:16:13 [385@3ab56e61a69f]
Atenção: um e-mail não foi entregue para admin@sudam.gov.br com mais 5 tentativas restantes.. Mensagem: [GLPI #0000084] Novo chamado wefwqefe, Erro: Invalid address:  (Sender): CTI
2019-09-04 14:16:53 [385@3ab56e61a69f]
Atenção: um e-mail não foi entregue para admin@sudam.gov.br com mais 5 tentativas restantes.. Mensagem: [GLPI #0000085] Novo chamado efqwefqwef, Erro: Invalid address:  (Sender): CTI
2019-09-04 14:28:38 [385@3ab56e61a69f]
Atenção: um e-mail não foi entregue para admin@sudam.gov.br com mais 5 tentativas restantes.. Mensagem: [GLPI #0000086] Novo chamado hy54thgrhert, Erro: Invalid address:  (Sender): CTI
2019-09-04 14:40:12 [2@3ab56e61a69f]
Atenção: um e-mail não foi entregue para developerjessicaborges@gmail.com com mais 5 tentativas restantes.. Mensagem: [GLPI #0000082] Novo chamado qwefqwef, Erro: Invalid address:  (Sender): CTI
2019-09-04 14:40:12 [2@3ab56e61a69f]
Atenção: um e-mail não foi entregue para admin@sudam.gov.br com mais 0 tentativas restantes.. Mensagem: [GLPI #0000068] Novo chamado testse sla, Erro: Invalid address:  (Sender): CTI
2019-09-04 14:40:12 [2@3ab56e61a69f]
Erro fatal: desistindo da entrega do e-mail para admin@sudam.gov.br: [GLPI #0000068] Novo chamado testse sla
2019-09-04 14:40:12 [2@3ab56e61a69f]
Atenção: um e-mail não foi entregue para developerjessicaborges@gmail.com com mais 0 tentativas restantes.. Mensagem: [GLPI #0000068] Novo chamado testse sla, Erro: Invalid address:  (Sender): CTI
2019-09-04 14:40:12 [2@3ab56e61a69f]
Erro fatal: desistindo da entrega do e-mail para developerjessicaborges@gmail.com: [GLPI #0000068] Novo chamado testse sla
2019-09-04 14:40:12 [2@3ab56e61a69f]
Atenção: um e-mail não foi entregue para admin@sudam.gov.br com mais 2 tentativas restantes.. Mensagem: [GLPI #0000072] Atualização de uma tarefa Teste-1, Erro: Invalid address:  (Sender): CTI
2019-09-04 14:40:12 [2@3ab56e61a69f]
Atenção: um e-mail não foi entregue para msccarmo@hotmail.com com mais 2 tentativas restantes.. Mensagem: [GLPI #0000072] Atualização de uma tarefa Teste-1, Erro: Invalid address:  (Sender): CTI
2019-09-04 14:40:12 [2@3ab56e61a69f]
Atenção: um e-mail não foi entregue para admin@sudam.gov.br com mais 2 tentativas restantes.. Mensagem: [GLPI #0000071] Atualização de uma tarefa sla novo teste, Erro: Invalid address:  (Sender): CTI
2019-09-04 14:40:12 [2@3ab56e61a69f]
Atenção: um e-mail não foi entregue para developerjessicaborges@gmail.com com mais 2 tentativas restantes.. Mensagem: [GLPI #0000071] Atualização de uma tarefa sla novo teste, Erro: Invalid address:  (Sender): CTI
2019-09-04 14:40:13 [2@3ab56e61a69f]
Atenção: um e-mail não foi entregue para developerjessicaborges@gmail.com com mais 3 tentativas restantes.. Mensagem: [GLPI #0000073] Novo chamado tawraw, Erro: Invalid address:  (Sender): CTI
2019-09-04 14:40:13 [2@3ab56e61a69f]
Atenção: um e-mail não foi entregue para developerjessicaborges@gmail.com com mais 3 tentativas restantes.. Mensagem: [GLPI #0000074] Novo chamado awqdqwd, Erro: Invalid address:  (Sender): CTI
2019-09-04 14:40:13 [2@3ab56e61a69f]
Atenção: um e-mail não foi entregue para developerjessicaborges@gmail.com com mais 0 tentativas restantes.. Mensagem: [GLPI #0000069] Novo chamado JESSYCA DE OLIVEIRA BORGES, Erro: Invalid address:  (Sender): CTI
2019-09-04 14:40:13 [2@3ab56e61a69f]
Erro fatal: desistindo da entrega do e-mail para developerjessicaborges@gmail.com: [GLPI #0000069] Novo chamado JESSYCA DE OLIVEIRA BORGES
2019-09-04 14:40:13 [2@3ab56e61a69f]
Atenção: um e-mail não foi entregue para developerjessicaborges@gmail.com com mais 0 tentativas restantes.. Mensagem: [GLPI #0000070] Novo chamado sla teste aceso interet, Erro: Invalid address:  (Sender): CTI
2019-09-04 14:40:13 [2@3ab56e61a69f]
Erro fatal: desistindo da entrega do e-mail para developerjessicaborges@gmail.com: [GLPI #0000070] Novo chamado sla teste aceso interet
2019-09-04 14:40:13 [2@3ab56e61a69f]
Atenção: um e-mail não foi entregue para admin@sudam.gov.br com mais 2 tentativas restantes.. Mensagem: [GLPI #0000073] Novo chamado tawraw, Erro: Invalid address:  (Sender): CTI
2019-09-04 14:40:13 [2@3ab56e61a69f]
Atenção: um e-mail não foi entregue para admin@sudam.gov.br com mais 2 tentativas restantes.. Mensagem: [GLPI #0000074] Novo chamado awqdqwd, Erro: Invalid address:  (Sender): CTI
2019-09-04 14:40:13 [2@3ab56e61a69f]
Atenção: um e-mail não foi entregue para admin@sudam.gov.br com mais 2 tentativas restantes.. Mensagem: [GLPI #0000075] Novo chamado rwerqwe, Erro: Invalid address:  (Sender): CTI
2019-09-04 14:40:13 [2@3ab56e61a69f]
Atenção: um e-mail não foi entregue para developerjessicaborges@gmail.com com mais 3 tentativas restantes.. Mensagem: [GLPI #0000075] Novo chamado rwerqwe, Erro: Invalid address:  (Sender): CTI
2019-09-04 14:40:13 [2@3ab56e61a69f]
Atenção: um e-mail não foi entregue para admin@sudam.gov.br com mais 3 tentativas restantes.. Mensagem: [GLPI #0000076] Novo chamado fefqwfq, Erro: Invalid address:  (Sender): CTI
2019-09-04 14:40:14 [2@3ab56e61a69f]
Atenção: um e-mail não foi entregue para developerjessicaborges@gmail.com com mais 4 tentativas restantes.. Mensagem: [GLPI #0000076] Novo chamado fefqwfq, Erro: Invalid address:  (Sender): CTI
2019-09-04 14:40:14 [2@3ab56e61a69f]
Atenção: um e-mail não foi entregue para developerjessicaborges@gmail.com com mais 4 tentativas restantes.. Mensagem: [GLPI #0000077] Novo chamado ggregerg, Erro: Invalid address:  (Sender): CTI
2019-09-04 14:40:14 [2@3ab56e61a69f]
Atenção: um e-mail não foi entregue para developerjessicaborges@gmail.com com mais 4 tentativas restantes.. Mensagem: [GLPI #0000078] Novo chamado dfasdfa, Erro: Invalid address:  (Sender): CTI
2019-09-04 14:40:14 [2@3ab56e61a69f]
Atenção: um e-mail não foi entregue para admin@sudam.gov.br com mais 3 tentativas restantes.. Mensagem: [GLPI #0000077] Novo chamado ggregerg, Erro: Invalid address:  (Sender): CTI
2019-09-04 14:40:14 [2@3ab56e61a69f]
Atenção: um e-mail não foi entregue para admin@sudam.gov.br com mais 3 tentativas restantes.. Mensagem: [GLPI #0000078] Novo chamado dfasdfa, Erro: Invalid address:  (Sender): CTI
2019-09-04 14:40:15 [2@3ab56e61a69f]
Atenção: um e-mail não foi entregue para admin@sudam.gov.br com mais 3 tentativas restantes.. Mensagem: [GLPI #0000079] Novo chamado dqwdqwd, Erro: Invalid address:  (Sender): CTI
2019-09-04 14:40:15 [2@3ab56e61a69f]
Atenção: um e-mail não foi entregue para developerjessicaborges@gmail.com com mais 4 tentativas restantes.. Mensagem: [GLPI #0000079] Novo chamado dqwdqwd, Erro: Invalid address:  (Sender): CTI
2019-09-04 14:40:15 [2@3ab56e61a69f]
Atenção: um e-mail não foi entregue para admin@sudam.gov.br com mais 4 tentativas restantes.. Mensagem: [GLPI #0000080] Novo chamado ffqwef, Erro: Invalid address:  (Sender): CTI
2019-09-04 14:40:15 [2@3ab56e61a69f]
Atenção: um e-mail não foi entregue para developerjessicaborges@gmail.com com mais 4 tentativas restantes.. Mensagem: [GLPI #0000080] Novo chamado ffqwef, Erro: Invalid address:  (Sender): CTI
2019-09-04 14:40:15 [2@3ab56e61a69f]
Atenção: um e-mail não foi entregue para admin@sudam.gov.br com mais 4 tentativas restantes.. Mensagem: [GLPI #0000081] Novo chamado dqwdqw, Erro: Invalid address:  (Sender): CTI
2019-09-04 14:40:15 [2@3ab56e61a69f]
Atenção: um e-mail não foi entregue para developerjessicaborges@gmail.com com mais 4 tentativas restantes.. Mensagem: [GLPI #0000081] Novo chamado dqwdqw, Erro: Invalid address:  (Sender): CTI
2019-09-04 14:40:15 [2@3ab56e61a69f]
Atenção: um e-mail não foi entregue para admin@sudam.gov.br com mais 4 tentativas restantes.. Mensagem: [GLPI #0000082] Novo chamado qwefqwef, Erro: Invalid address:  (Sender): CTI
2019-09-04 14:40:15 [2@3ab56e61a69f]
Atenção: um e-mail não foi entregue para developerjessicaborges@gmail.com com mais 5 tentativas restantes.. Mensagem: [GLPI #0000083] Novo chamado 3652345, Erro: Invalid address:  (Sender): CTI
2019-09-04 14:40:15 [2@3ab56e61a69f]
Atenção: um e-mail não foi entregue para developerjessicaborges@gmail.com com mais 5 tentativas restantes.. Mensagem: [GLPI #0000084] Novo chamado wefwqefe, Erro: Invalid address:  (Sender): CTI
2019-09-04 14:40:15 [2@3ab56e61a69f]
Atenção: um e-mail não foi entregue para developerjessicaborges@gmail.com com mais 5 tentativas restantes.. Mensagem: [GLPI #0000085] Novo chamado efqwefqwef, Erro: Invalid address:  (Sender): CTI
2019-09-04 14:40:15 [2@3ab56e61a69f]
Atenção: um e-mail não foi entregue para admin@sudam.gov.br com mais 4 tentativas restantes.. Mensagem: [GLPI #0000083] Novo chamado 3652345, Erro: Invalid address:  (Sender): CTI
2019-09-04 14:40:15 [2@3ab56e61a69f]
Atenção: um e-mail não foi entregue para admin@sudam.gov.br com mais 4 tentativas restantes.. Mensagem: [GLPI #0000084] Novo chamado wefwqefe, Erro: Invalid address:  (Sender): CTI
2019-09-04 14:40:16 [2@3ab56e61a69f]
Atenção: um e-mail não foi entregue para developerjessicaborges@gmail.com com mais 5 tentativas restantes.. Mensagem: [GLPI #0000086] Novo chamado hy54thgrhert, Erro: Invalid address:  (Sender): CTI
2019-09-04 14:40:16 [2@3ab56e61a69f]
Atenção: um e-mail não foi entregue para lari.sindeaux@gmail.com com mais 5 tentativas restantes.. Mensagem: [GLPI #0000086] Novo chamado hy54thgrhert, Erro: Invalid address:  (Sender): CTI
2019-09-04 14:40:16 [2@3ab56e61a69f]
Atenção: um e-mail não foi entregue para zabbix@sudam.gov.br com mais 5 tentativas restantes.. Mensagem: [GLPI #0000086] Novo chamado hy54thgrhert, Erro: Invalid address:  (Sender): CTI
2019-09-04 14:40:16 [2@3ab56e61a69f]
Atenção: um e-mail não foi entregue para yasminbatista595@gmail.com com mais 5 tentativas restantes.. Mensagem: [GLPI #0000086] Novo chamado hy54thgrhert, Erro: Invalid address:  (Sender): CTI
2019-09-04 14:40:16 [2@3ab56e61a69f]
Atenção: um e-mail não foi entregue para wheider.r@hotmail.com com mais 5 tentativas restantes.. Mensagem: [GLPI #0000086] Novo chamado hy54thgrhert, Erro: Invalid address:  (Sender): CTI
2019-09-04 14:40:16 [2@3ab56e61a69f]
Atenção: um e-mail não foi entregue para web.app@sudam.gov.br com mais 5 tentativas restantes.. Mensagem: [GLPI #0000086] Novo chamado hy54thgrhert, Erro: Invalid address:  (Sender): CTI
2019-09-04 14:40:16 [2@3ab56e61a69f]
Atenção: um e-mail não foi entregue para watrim.juliano@sudam.gov.br com mais 5 tentativas restantes.. Mensagem: [GLPI #0000086] Novo chamado hy54thgrhert, Erro: Invalid address:  (Sender): CTI
2019-09-04 14:40:16 [2@3ab56e61a69f]
Atenção: um e-mail não foi entregue para warleyrusso@hotmail.com com mais 5 tentativas restantes.. Mensagem: [GLPI #0000086] Novo chamado hy54thgrhert, Erro: Invalid address:  (Sender): CTI
2019-09-04 14:40:16 [2@3ab56e61a69f]
Atenção: um e-mail não foi entregue para wanderley.andrade@sudam.gov.br com mais 5 tentativas restantes.. Mensagem: [GLPI #0000086] Novo chamado hy54thgrhert, Erro: Invalid address:  (Sender): CTI
2019-09-04 14:40:16 [2@3ab56e61a69f]
Atenção: um e-mail não foi entregue para walter.andrade@sudam.gov.br com mais 5 tentativas restantes.. Mensagem: [GLPI #0000086] Novo chamado hy54thgrhert, Erro: Invalid address:  (Sender): CTI
2019-09-04 14:40:16 [2@3ab56e61a69f]
Atenção: um e-mail não foi entregue para wallace_jordan.s@hotmail.com com mais 5 tentativas restantes.. Mensagem: [GLPI #0000086] Novo chamado hy54thgrhert, Erro: Invalid address:  (Sender): CTI
2019-09-04 14:40:16 [2@3ab56e61a69f]
Atenção: um e-mail não foi entregue para walder.oliveira@sudam.gov.br com mais 5 tentativas restantes.. Mensagem: [GLPI #0000086] Novo chamado hy54thgrhert, Erro: Invalid address:  (Sender): CTI
2019-09-04 14:40:16 [2@3ab56e61a69f]
Atenção: um e-mail não foi entregue para waldemar.figueiredo@sudam.gov.br com mais 5 tentativas restantes.. Mensagem: [GLPI #0000086] Novo chamado hy54thgrhert, Erro: Invalid address:  (Sender): CTI
2019-09-04 14:40:16 [2@3ab56e61a69f]
Atenção: um e-mail não foi entregue para vinicius.gomes@sudam.gov.br com mais 5 tentativas restantes.. Mensagem: [GLPI #0000086] Novo chamado hy54thgrhert, Erro: Invalid address:  (Sender): CTI
2019-09-04 14:40:16 [2@3ab56e61a69f]
Atenção: um e-mail não foi entregue para vinicius.bricio@sudam.gov.br com mais 5 tentativas restantes.. Mensagem: [GLPI #0000086] Novo chamado hy54thgrhert, Erro: Invalid address:  (Sender): CTI
2019-09-04 14:40:17 [2@3ab56e61a69f]
Atenção: um e-mail não foi entregue para vilmara.salgado@sudam.gov.br com mais 5 tentativas restantes.. Mensagem: [GLPI #0000086] Novo chamado hy54thgrhert, Erro: Invalid address:  (Sender): CTI
2019-09-04 14:40:17 [2@3ab56e61a69f]
Atenção: um e-mail não foi entregue para vidinho.lopes@sudam.gov.br com mais 5 tentativas restantes.. Mensagem: [GLPI #0000086] Novo chamado hy54thgrhert, Erro: Invalid address:  (Sender): CTI
2019-09-04 15:03:05 [2@3ab56e61a69f]
Atenção: um e-mail não foi entregue para silvavilhena53@gmail.com com mais 5 tentativas restantes.. Mensagem: [GLPI #0000086] Novo chamado hy54thgrhert, Erro: Invalid address:  (Sender): CTI
2019-09-04 15:03:05 [2@3ab56e61a69f]
Atenção: um e-mail não foi entregue para victorhugomeira@gmail.com com mais 5 tentativas restantes.. Mensagem: [GLPI #0000086] Novo chamado hy54thgrhert, Erro: Invalid address:  (Sender): CTI
2019-09-04 15:03:05 [2@3ab56e61a69f]
Atenção: um e-mail não foi entregue para vera.raposo@sudam.gov.br com mais 5 tentativas restantes.. Mensagem: [GLPI #0000086] Novo chamado hy54thgrhert, Erro: Invalid address:  (Sender): CTI
2019-09-04 15:03:06 [2@3ab56e61a69f]
Atenção: um e-mail não foi entregue para vera.mendes@sudam.gov.br com mais 5 tentativas restantes.. Mensagem: [GLPI #0000086] Novo chamado hy54thgrhert, Erro: Invalid address:  (Sender): CTI
2019-09-04 15:03:06 [2@3ab56e61a69f]
Atenção: um e-mail não foi entregue para valter.figueiredo@sudam.gov.br com mais 5 tentativas restantes.. Mensagem: [GLPI #0000086] Novo chamado hy54thgrhert, Erro: Invalid address:  (Sender): CTI
2019-09-04 15:03:06 [2@3ab56e61a69f]
Atenção: um e-mail não foi entregue para ugi@sudam.gov.br com mais 5 tentativas restantes.. Mensagem: [GLPI #0000086] Novo chamado hy54thgrhert, Erro: Invalid address:  (Sender): CTI
2019-09-04 15:03:06 [2@3ab56e61a69f]
Atenção: um e-mail não foi entregue para tulio.barata@sudam.gov.br com mais 5 tentativas restantes.. Mensagem: [GLPI #0000086] Novo chamado hy54thgrhert, Erro: Invalid address:  (Sender): CTI
2019-09-04 15:03:06 [2@3ab56e61a69f]
Atenção: um e-mail não foi entregue para teste@teste.com.br com mais 5 tentativas restantes.. Mensagem: [GLPI #0000086] Novo chamado hy54thgrhert, Erro: Invalid address:  (Sender): CTI
2019-09-04 15:03:06 [2@3ab56e61a69f]
Atenção: um e-mail não foi entregue para thiagupaixao@gmail.com com mais 5 tentativas restantes.. Mensagem: [GLPI #0000086] Novo chamado hy54thgrhert, Erro: Invalid address:  (Sender): CTI
2019-09-04 15:03:07 [2@3ab56e61a69f]
Atenção: um e-mail não foi entregue para thiago.peixoto@sudam.gov.br com mais 5 tentativas restantes.. Mensagem: [GLPI #0000086] Novo chamado hy54thgrhert, Erro: Invalid address:  (Sender): CTI
2019-09-04 15:03:07 [2@3ab56e61a69f]
Atenção: um e-mail não foi entregue para thiago.lamego@sudam.gov.br com mais 5 tentativas restantes.. Mensagem: [GLPI #0000086] Novo chamado hy54thgrhert, Erro: Invalid address:  (Sender): CTI
2019-09-04 15:03:07 [2@3ab56e61a69f]
Atenção: um e-mail não foi entregue para taguerra@stefanini.com com mais 5 tentativas restantes.. Mensagem: [GLPI #0000086] Novo chamado hy54thgrhert, Erro: Invalid address:  (Sender): CTI
2019-09-04 15:03:07 [2@3ab56e61a69f]
Atenção: um e-mail não foi entregue para telma.souza@sudam.gov.br com mais 5 tentativas restantes.. Mensagem: [GLPI #0000086] Novo chamado hy54thgrhert, Erro: Invalid address:  (Sender): CTI
2019-09-04 15:03:07 [2@3ab56e61a69f]
Atenção: um e-mail não foi entregue para acdasilva@indracompany.com com mais 5 tentativas restantes.. Mensagem: [GLPI #0000086] Novo chamado hy54thgrhert, Erro: Invalid address:  (Sender): CTI
2019-09-04 15:03:07 [2@3ab56e61a69f]
Atenção: um e-mail não foi entregue para ssferreira@indracompany.com com mais 5 tentativas restantes.. Mensagem: [GLPI #0000086] Novo chamado hy54thgrhert, Erro: Invalid address:  (Sender): CTI
2019-09-04 15:03:07 [2@3ab56e61a69f]
Atenção: um e-mail não foi entregue para tanara.suely@sudam.gov.br com mais 5 tentativas restantes.. Mensagem: [GLPI #0000086] Novo chamado hy54thgrhert, Erro: Invalid address:  (Sender): CTI
2019-09-04 15:03:07 [2@3ab56e61a69f]
Atenção: um e-mail não foi entregue para tsramos@stefanini.com com mais 5 tentativas restantes.. Mensagem: [GLPI #0000086] Novo chamado hy54thgrhert, Erro: Invalid address:  (Sender): CTI
2019-09-04 15:03:07 [2@3ab56e61a69f]
Atenção: um e-mail não foi entregue para taciane.oliveira@sudam.gov.br com mais 5 tentativas restantes.. Mensagem: [GLPI #0000086] Novo chamado hy54thgrhert, Erro: Invalid address:  (Sender): CTI
2019-09-04 15:03:08 [2@3ab56e61a69f]
Atenção: um e-mail não foi entregue para sustentabilidade@sudam.gov.br com mais 5 tentativas restantes.. Mensagem: [GLPI #0000086] Novo chamado hy54thgrhert, Erro: Invalid address:  (Sender): CTI
2019-09-04 15:03:08 [2@3ab56e61a69f]
Atenção: um e-mail não foi entregue para suporte.sei@sudam.gov.br com mais 5 tentativas restantes.. Mensagem: [GLPI #0000086] Novo chamado hy54thgrhert, Erro: Invalid address:  (Sender): CTI
2019-09-04 15:03:08 [2@3ab56e61a69f]
Atenção: um e-mail não foi entregue para suporte.cgp@sudam.gov.br com mais 5 tentativas restantes.. Mensagem: [GLPI #0000086] Novo chamado hy54thgrhert, Erro: Invalid address:  (Sender): CTI
2019-09-04 15:03:08 [2@3ab56e61a69f]
Atenção: um e-mail não foi entregue para suporte.cga@sudam.gov.br com mais 5 tentativas restantes.. Mensagem: [GLPI #0000086] Novo chamado hy54thgrhert, Erro: Invalid address:  (Sender): CTI
2019-09-04 15:03:08 [2@3ab56e61a69f]
Atenção: um e-mail não foi entregue para sup.ferias@sudam.gov.br com mais 5 tentativas restantes.. Mensagem: [GLPI #0000086] Novo chamado hy54thgrhert, Erro: Invalid address:  (Sender): CTI
2019-09-04 15:03:09 [2@3ab56e61a69f]
Atenção: um e-mail não foi entregue para galvaosuelen@yahoo.com.br com mais 5 tentativas restantes.. Mensagem: [GLPI #0000086] Novo chamado hy54thgrhert, Erro: Invalid address:  (Sender): CTI
2019-09-04 15:03:09 [2@3ab56e61a69f]
Atenção: um e-mail não foi entregue para sudam.concurso@sudam.gov.br com mais 5 tentativas restantes.. Mensagem: [GLPI #0000086] Novo chamado hy54thgrhert, Erro: Invalid address:  (Sender): CTI
2019-09-04 15:03:09 [2@3ab56e61a69f]
Atenção: um e-mail não foi entregue para sudam.apps@sudam.gov.br com mais 5 tentativas restantes.. Mensagem: [GLPI #0000086] Novo chamado hy54thgrhert, Erro: Invalid address:  (Sender): CTI
2019-09-04 15:03:09 [2@3ab56e61a69f]
Atenção: um e-mail não foi entregue para sonia.raiol@sudam.gov.br com mais 5 tentativas restantes.. Mensagem: [GLPI #0000086] Novo chamado hy54thgrhert, Erro: Invalid address:  (Sender): CTI
2019-09-04 15:03:09 [2@3ab56e61a69f]
Atenção: um e-mail não foi entregue para sistemasin@sudam.gov.br com mais 5 tentativas restantes.. Mensagem: [GLPI #0000086] Novo chamado hy54thgrhert, Erro: Invalid address:  (Sender): CTI
2019-09-04 15:03:09 [2@3ab56e61a69f]
Atenção: um e-mail não foi entregue para sin@sudam.gov.br com mais 5 tentativas restantes.. Mensagem: [GLPI #0000086] Novo chamado hy54thgrhert, Erro: Invalid address:  (Sender): CTI
2019-09-04 15:03:09 [2@3ab56e61a69f]
Atenção: um e-mail não foi entregue para simcarv@hotmail.com com mais 5 tentativas restantes.. Mensagem: [GLPI #0000086] Novo chamado hy54thgrhert, Erro: Invalid address:  (Sender): CTI
2019-09-04 15:03:10 [2@3ab56e61a69f]
Atenção: um e-mail não foi entregue para silmara.resque@sudam.gov.br com mais 5 tentativas restantes.. Mensagem: [GLPI #0000086] Novo chamado hy54thgrhert, Erro: Invalid address:  (Sender): CTI
2019-09-04 15:03:10 [2@3ab56e61a69f]
Atenção: um e-mail não foi entregue para sigfda@sudam.gov.br com mais 5 tentativas restantes.. Mensagem: [GLPI #0000086] Novo chamado hy54thgrhert, Erro: Invalid address:  (Sender): CTI
2019-09-04 15:03:10 [2@3ab56e61a69f]
Atenção: um e-mail não foi entregue para sic@sudam.gov.br com mais 5 tentativas restantes.. Mensagem: [GLPI #0000086] Novo chamado hy54thgrhert, Erro: Invalid address:  (Sender): CTI
2019-09-04 15:03:10 [2@3ab56e61a69f]
Atenção: um e-mail não foi entregue para sibf.app@sudam.gov.br com mais 5 tentativas restantes.. Mensagem: [GLPI #0000086] Novo chamado hy54thgrhert, Erro: Invalid address:  (Sender): CTI
2019-09-04 15:03:10 [2@3ab56e61a69f]
Atenção: um e-mail não foi entregue para sibf@sudam.gov.br com mais 5 tentativas restantes.. Mensagem: [GLPI #0000086] Novo chamado hy54thgrhert, Erro: Invalid address:  (Sender): CTI
2019-09-04 15:03:10 [2@3ab56e61a69f]
Atenção: um e-mail não foi entregue para siav@sudam.gov.br com mais 5 tentativas restantes.. Mensagem: [GLPI #0000086] Novo chamado hy54thgrhert, Erro: Invalid address:  (Sender): CTI
2019-09-04 15:03:10 [2@3ab56e61a69f]
Atenção: um e-mail não foi entregue para servicedesk@sudam.gov.br com mais 5 tentativas restantes.. Mensagem: [GLPI #0000086] Novo chamado hy54thgrhert, Erro: Invalid address:  (Sender): CTI
2019-09-04 15:03:11 [2@3ab56e61a69f]
Atenção: um e-mail não foi entregue para sergio.silva@sudam.gov.br com mais 5 tentativas restantes.. Mensagem: [GLPI #0000086] Novo chamado hy54thgrhert, Erro: Invalid address:  (Sender): CTI
2019-09-04 15:03:11 [2@3ab56e61a69f]
Atenção: um e-mail não foi entregue para sergio.falese@sudam.gov.br com mais 5 tentativas restantes.. Mensagem: [GLPI #0000086] Novo chamado hy54thgrhert, Erro: Invalid address:  (Sender): CTI
2019-09-04 15:03:11 [2@3ab56e61a69f]
Atenção: um e-mail não foi entregue para selma.leal@sudam.gov.br com mais 5 tentativas restantes.. Mensagem: [GLPI #0000086] Novo chamado hy54thgrhert, Erro: Invalid address:  (Sender): CTI
2019-09-04 15:03:11 [2@3ab56e61a69f]
Atenção: um e-mail não foi entregue para selma.castro@sudam.gov.br com mais 5 tentativas restantes.. Mensagem: [GLPI #0000086] Novo chamado hy54thgrhert, Erro: Invalid address:  (Sender): CTI
2019-09-04 15:03:12 [2@3ab56e61a69f]
Atenção: um e-mail não foi entregue para sei@sudam.gov.br com mais 5 tentativas restantes.. Mensagem: [GLPI #0000086] Novo chamado hy54thgrhert, Erro: Invalid address:  (Sender): CTI
2019-09-04 15:03:12 [2@3ab56e61a69f]
Atenção: um e-mail não foi entregue para sebastiana.de.souza@hotmail.com com mais 5 tentativas restantes.. Mensagem: [GLPI #0000086] Novo chamado hy54thgrhert, Erro: Invalid address:  (Sender): CTI
2019-09-04 15:03:12 [2@3ab56e61a69f]
Atenção: um e-mail não foi entregue para scheila.pacheco@sudam.gov.br com mais 5 tentativas restantes.. Mensagem: [GLPI #0000086] Novo chamado hy54thgrhert, Erro: Invalid address:  (Sender): CTI
2019-09-04 15:03:12 [2@3ab56e61a69f]
Atenção: um e-mail não foi entregue para scd@sudam.gov.br com mais 5 tentativas restantes.. Mensagem: [GLPI #0000086] Novo chamado hy54thgrhert, Erro: Invalid address:  (Sender): CTI
2019-09-04 15:03:12 [2@3ab56e61a69f]
Atenção: um e-mail não foi entregue para saudesuplementar@sudam.gov.br com mais 5 tentativas restantes.. Mensagem: [GLPI #0000086] Novo chamado hy54thgrhert, Erro: Invalid address:  (Sender): CTI
2019-09-04 15:03:12 [2@3ab56e61a69f]
Atenção: um e-mail não foi entregue para sapc.app@sudam.gov.br com mais 5 tentativas restantes.. Mensagem: [GLPI #0000086] Novo chamado hy54thgrhert, Erro: Invalid address:  (Sender): CTI
2019-09-04 15:03:12 [2@3ab56e61a69f]
Atenção: um e-mail não foi entregue para sandra.melo@sudam.gov.br com mais 5 tentativas restantes.. Mensagem: [GLPI #0000086] Novo chamado hy54thgrhert, Erro: Invalid address:  (Sender): CTI
2019-09-04 15:03:12 [2@3ab56e61a69f]
Atenção: um e-mail não foi entregue para sandra.luchessoli@sudam.gov.br com mais 5 tentativas restantes.. Mensagem: [GLPI #0000086] Novo chamado hy54thgrhert, Erro: Invalid address:  (Sender): CTI
2019-09-04 15:03:12 [2@3ab56e61a69f]
Atenção: um e-mail não foi entregue para sams.app@sudam.gov.br com mais 5 tentativas restantes.. Mensagem: [GLPI #0000086] Novo chamado hy54thgrhert, Erro: Invalid address:  (Sender): CTI
2019-09-04 15:03:13 [2@3ab56e61a69f]
Atenção: um e-mail não foi entregue para sams@sudam.gov.br com mais 5 tentativas restantes.. Mensagem: [GLPI #0000086] Novo chamado hy54thgrhert, Erro: Invalid address:  (Sender): CTI
2019-09-04 15:03:13 [2@3ab56e61a69f]
Atenção: um e-mail não foi entregue para sales.cunha@sudam.gov.br com mais 5 tentativas restantes.. Mensagem: [GLPI #0000086] Novo chamado hy54thgrhert, Erro: Invalid address:  (Sender): CTI
2019-09-04 15:03:13 [2@3ab56e61a69f]
Atenção: um e-mail não foi entregue para ruy.fernandes@sudam.gov.br com mais 5 tentativas restantes.. Mensagem: [GLPI #0000086] Novo chamado hy54thgrhert, Erro: Invalid address:  (Sender): CTI
2019-09-04 15:03:13 [2@3ab56e61a69f]
Atenção: um e-mail não foi entregue para ruy.collyer@sudam.gov.br com mais 5 tentativas restantes.. Mensagem: [GLPI #0000086] Novo chamado hy54thgrhert, Erro: Invalid address:  (Sender): CTI
2019-09-04 15:03:14 [2@3ab56e61a69f]
Atenção: um e-mail não foi entregue para ruth.leao@sudam.gov.br com mais 5 tentativas restantes.. Mensagem: [GLPI #0000086] Novo chamado hy54thgrhert, Erro: Invalid address:  (Sender): CTI
2019-09-04 15:03:14 [2@3ab56e61a69f]
Atenção: um e-mail não foi entregue para rubens.mesquita@sudam.gov.br com mais 5 tentativas restantes.. Mensagem: [GLPI #0000086] Novo chamado hy54thgrhert, Erro: Invalid address:  (Sender): CTI
2019-09-04 15:03:14 [2@3ab56e61a69f]
Atenção: um e-mail não foi entregue para rose.barrossodre@gmail.com com mais 5 tentativas restantes.. Mensagem: [GLPI #0000086] Novo chamado hy54thgrhert, Erro: Invalid address:  (Sender): CTI
2019-09-04 15:03:14 [2@3ab56e61a69f]
Atenção: um e-mail não foi entregue para rosangela.mussi@sudam.gov.br com mais 5 tentativas restantes.. Mensagem: [GLPI #0000086] Novo chamado hy54thgrhert, Erro: Invalid address:  (Sender): CTI
2019-09-04 15:03:14 [2@3ab56e61a69f]
Atenção: um e-mail não foi entregue para roosevelt.correa@sudam.gov.br com mais 5 tentativas restantes.. Mensagem: [GLPI #0000086] Novo chamado hy54thgrhert, Erro: Invalid address:  (Sender): CTI
2019-09-04 15:03:14 [2@3ab56e61a69f]
Atenção: um e-mail não foi entregue para ronaldo.nascimento@sudam.gov.br com mais 5 tentativas restantes.. Mensagem: [GLPI #0000086] Novo chamado hy54thgrhert, Erro: Invalid address:  (Sender): CTI
2019-09-04 15:03:14 [2@3ab56e61a69f]
Atenção: um e-mail não foi entregue para ro_alsi@hotmail.com com mais 5 tentativas restantes.. Mensagem: [GLPI #0000086] Novo chamado hy54thgrhert, Erro: Invalid address:  (Sender): CTI
2019-09-04 15:03:14 [2@3ab56e61a69f]
Atenção: um e-mail não foi entregue para rodrigo.portugal@sudam.gov.br com mais 5 tentativas restantes.. Mensagem: [GLPI #0000086] Novo chamado hy54thgrhert, Erro: Invalid address:  (Sender): CTI
2019-09-04 15:03:14 [2@3ab56e61a69f]
Atenção: um e-mail não foi entregue para rfnunes@stefanini.com com mais 5 tentativas restantes.. Mensagem: [GLPI #0000086] Novo chamado hy54thgrhert, Erro: Invalid address:  (Sender): CTI
2019-09-04 15:03:15 [2@3ab56e61a69f]
Atenção: um e-mail não foi entregue para rodrigomenescal.rm@gmail.com com mais 5 tentativas restantes.. Mensagem: [GLPI #0000086] Novo chamado hy54thgrhert, Erro: Invalid address:  (Sender): CTI
2019-09-04 15:03:15 [2@3ab56e61a69f]
Atenção: um e-mail não foi entregue para rodsc_1988@hotmail.com com mais 5 tentativas restantes.. Mensagem: [GLPI #0000086] Novo chamado hy54thgrhert, Erro: Invalid address:  (Sender): CTI
2019-09-04 15:03:15 [2@3ab56e61a69f]
Atenção: um e-mail não foi entregue para robson.silva@sudam.gov.br com mais 5 tentativas restantes.. Mensagem: [GLPI #0000086] Novo chamado hy54thgrhert, Erro: Invalid address:  (Sender): CTI
2019-09-04 15:03:15 [2@3ab56e61a69f]
Atenção: um e-mail não foi entregue para roberto.cardoso@sudam.gov.br com mais 5 tentativas restantes.. Mensagem: [GLPI #0000086] Novo chamado hy54thgrhert, Erro: Invalid address:  (Sender): CTI
2019-09-04 15:03:15 [2@3ab56e61a69f]
Atenção: um e-mail não foi entregue para roberto.barbosa@sudam.gov.br com mais 5 tentativas restantes.. Mensagem: [GLPI #0000086] Novo chamado hy54thgrhert, Erro: Invalid address:  (Sender): CTI
2019-09-04 15:03:15 [2@3ab56e61a69f]
Atenção: um e-mail não foi entregue para rita.souza@sudam.gov.br com mais 5 tentativas restantes.. Mensagem: [GLPI #0000086] Novo chamado hy54thgrhert, Erro: Invalid address:  (Sender): CTI
2019-09-04 15:03:15 [2@3ab56e61a69f]
Atenção: um e-mail não foi entregue para ritamelo459@gmail.com com mais 5 tentativas restantes.. Mensagem: [GLPI #0000086] Novo chamado hy54thgrhert, Erro: Invalid address:  (Sender): CTI
2019-09-04 15:03:15 [2@3ab56e61a69f]
Atenção: um e-mail não foi entregue para rinaldo.moraes@sudam.gov.br com mais 5 tentativas restantes.. Mensagem: [GLPI #0000086] Novo chamado hy54thgrhert, Erro: Invalid address:  (Sender): CTI
2019-09-04 15:03:16 [2@3ab56e61a69f]
Atenção: um e-mail não foi entregue para ricardo.rocha@sudam.gov.br com mais 5 tentativas restantes.. Mensagem: [GLPI #0000086] Novo chamado hy54thgrhert, Erro: Invalid address:  (Sender): CTI
2019-09-04 15:03:16 [2@3ab56e61a69f]
Atenção: um e-mail não foi entregue para rhuana.carolina@hotmail.com com mais 5 tentativas restantes.. Mensagem: [GLPI #0000086] Novo chamado hy54thgrhert, Erro: Invalid address:  (Sender): CTI
2019-09-04 15:03:16 [2@3ab56e61a69f]
Atenção: um e-mail não foi entregue para reziery.lima@sudam.gov.br com mais 5 tentativas restantes.. Mensagem: [GLPI #0000086] Novo chamado hy54thgrhert, Erro: Invalid address:  (Sender): CTI
2019-09-04 15:03:16 [2@3ab56e61a69f]
Atenção: um e-mail não foi entregue para renanmesquita06@gmail.com com mais 5 tentativas restantes.. Mensagem: [GLPI #0000086] Novo chamado hy54thgrhert, Erro: Invalid address:  (Sender): CTI
2019-09-04 15:03:16 [2@3ab56e61a69f]
Atenção: um e-mail não foi entregue para relacionamento.sudam@sudam.gov.br com mais 5 tentativas restantes.. Mensagem: [GLPI #0000086] Novo chamado hy54thgrhert, Erro: Invalid address:  (Sender): CTI
2019-09-04 15:03:17 [2@3ab56e61a69f]
Atenção: um e-mail não foi entregue para reinaldo.cruz@sudam.gov.br com mais 5 tentativas restantes.. Mensagem: [GLPI #0000086] Novo chamado hy54thgrhert, Erro: Invalid address:  (Sender): CTI
2019-09-04 15:03:17 [2@3ab56e61a69f]
Atenção: um e-mail não foi entregue para regiane.palheta@yahoo.com.br com mais 5 tentativas restantes.. Mensagem: [GLPI #0000086] Novo chamado hy54thgrhert, Erro: Invalid address:  (Sender): CTI
2019-09-04 15:03:17 [2@3ab56e61a69f]
Atenção: um e-mail não foi entregue para regi.neves@sudam.gov.br com mais 5 tentativas restantes.. Mensagem: [GLPI #0000086] Novo chamado hy54thgrhert, Erro: Invalid address:  (Sender): CTI
2019-09-04 15:03:17 [2@3ab56e61a69f]
Atenção: um e-mail não foi entregue para raymundo.batista@sudam.gov.br com mais 5 tentativas restantes.. Mensagem: [GLPI #0000086] Novo chamado hy54thgrhert, Erro: Invalid address:  (Sender): CTI
2019-09-04 15:03:17 [2@3ab56e61a69f]
Atenção: um e-mail não foi entregue para rayla.caroline@hotmail.com com mais 5 tentativas restantes.. Mensagem: [GLPI #0000086] Novo chamado hy54thgrhert, Erro: Invalid address:  (Sender): CTI
2019-09-04 15:03:17 [2@3ab56e61a69f]
Atenção: um e-mail não foi entregue para raul.martins@sudam.gov.br com mais 5 tentativas restantes.. Mensagem: [GLPI #0000086] Novo chamado hy54thgrhert, Erro: Invalid address:  (Sender): CTI
2019-09-04 15:03:18 [2@3ab56e61a69f]
Atenção: um e-mail não foi entregue para rrvoliveira@stefanini.com com mais 5 tentativas restantes.. Mensagem: [GLPI #0000086] Novo chamado hy54thgrhert, Erro: Invalid address:  (Sender): CTI
2019-09-04 15:03:18 [2@3ab56e61a69f]
Atenção: um e-mail não foi entregue para rsohashi@stefanini.com com mais 5 tentativas restantes.. Mensagem: [GLPI #0000086] Novo chamado hy54thgrhert, Erro: Invalid address:  (Sender): CTI
2019-09-04 15:03:18 [2@3ab56e61a69f]
Atenção: um e-mail não foi entregue para raquel.colares@sudam.gov.br com mais 5 tentativas restantes.. Mensagem: [GLPI #0000086] Novo chamado hy54thgrhert, Erro: Invalid address:  (Sender): CTI
2019-09-04 15:03:18 [2@3ab56e61a69f]
Atenção: um e-mail não foi entregue para raissabarbsa@gmail.com com mais 5 tentativas restantes.. Mensagem: [GLPI #0000086] Novo chamado hy54thgrhert, Erro: Invalid address:  (Sender): CTI
2019-09-04 15:03:19 [2@3ab56e61a69f]
Atenção: um e-mail não foi entregue para raisa_menezes@hotmail.com com mais 5 tentativas restantes.. Mensagem: [GLPI #0000086] Novo chamado hy54thgrhert, Erro: Invalid address:  (Sender): CTI
2019-09-04 15:03:19 [2@3ab56e61a69f]
Atenção: um e-mail não foi entregue para raimundo.santos@sudam.gov.br com mais 5 tentativas restantes.. Mensagem: [GLPI #0000086] Novo chamado hy54thgrhert, Erro: Invalid address:  (Sender): CTI
2019-09-04 15:03:19 [2@3ab56e61a69f]
Atenção: um e-mail não foi entregue para rafasouza35096@gmail.com com mais 5 tentativas restantes.. Mensagem: [GLPI #0000086] Novo chamado hy54thgrhert, Erro: Invalid address:  (Sender): CTI
2019-09-04 15:03:19 [2@3ab56e61a69f]
Atenção: um e-mail não foi entregue para rafael.mileo@sudam.gov.br com mais 5 tentativas restantes.. Mensagem: [GLPI #0000086] Novo chamado hy54thgrhert, Erro: Invalid address:  (Sender): CTI
2019-09-04 15:03:19 [2@3ab56e61a69f]
Atenção: um e-mail não foi entregue para rafael.frota@sudam.gov.br com mais 5 tentativas restantes.. Mensagem: [GLPI #0000086] Novo chamado hy54thgrhert, Erro: Invalid address:  (Sender): CTI
2019-09-04 15:03:19 [2@3ab56e61a69f]
Atenção: um e-mail não foi entregue para rafael.almeida@sudam.gov.br com mais 5 tentativas restantes.. Mensagem: [GLPI #0000086] Novo chamado hy54thgrhert, Erro: Invalid address:  (Sender): CTI
2019-09-04 15:03:19 [2@3ab56e61a69f]
Atenção: um e-mail não foi entregue para projeto.sgi@sudam.gov.br com mais 5 tentativas restantes.. Mensagem: [GLPI #0000086] Novo chamado hy54thgrhert, Erro: Invalid address:  (Sender): CTI
2019-09-04 15:03:20 [2@3ab56e61a69f]
Atenção: um e-mail não foi entregue para premio.iniciativas@sudam.gov.br com mais 5 tentativas restantes.. Mensagem: [GLPI #0000086] Novo chamado hy54thgrhert, Erro: Invalid address:  (Sender): CTI
2019-09-04 15:03:20 [2@3ab56e61a69f]
Atenção: um e-mail não foi entregue para prda.projetos@sudam.gov.br com mais 5 tentativas restantes.. Mensagem: [GLPI #0000086] Novo chamado hy54thgrhert, Erro: Invalid address:  (Sender): CTI
2019-09-04 15:03:20 [2@3ab56e61a69f]
Atenção: um e-mail não foi entregue para pnud@sudam.gov.br com mais 5 tentativas restantes.. Mensagem: [GLPI #0000086] Novo chamado hy54thgrhert, Erro: Invalid address:  (Sender): CTI
2019-09-04 15:03:20 [2@3ab56e61a69f]
Atenção: um e-mail não foi entregue para planocargos.salarios@sudam.gov.br com mais 5 tentativas restantes.. Mensagem: [GLPI #0000086] Novo chamado hy54thgrhert, Erro: Invalid address:  (Sender): CTI
2019-09-04 15:03:20 [2@3ab56e61a69f]
Atenção: um e-mail não foi entregue para pfe@sudam.gov.br com mais 5 tentativas restantes.. Mensagem: [GLPI #0000086] Novo chamado hy54thgrhert, Erro: Invalid address:  (Sender): CTI
2019-09-04 15:03:20 [2@3ab56e61a69f]
Atenção: um e-mail não foi entregue para pf.ferias@sudam.gov.br com mais 5 tentativas restantes.. Mensagem: [GLPI #0000086] Novo chamado hy54thgrhert, Erro: Invalid address:  (Sender): CTI
2019-09-04 15:03:21 [2@3ab56e61a69f]
Atenção: um e-mail não foi entregue para pesca@sudam.gov.br com mais 5 tentativas restantes.. Mensagem: [GLPI #0000086] Novo chamado hy54thgrhert, Erro: Invalid address:  (Sender): CTI
2019-09-04 16:02:20 [2@3ab56e61a69f]
Atenção: um e-mail não foi entregue para developerjessicaborges@gmail.com com mais 5 tentativas restantes.. Mensagem: [GLPI #0000088] Novo usuário em requerentes fasdfa, Erro: Invalid address:  (Sender): CTI
2019-09-04 16:02:21 [2@3ab56e61a69f]
Atenção: um e-mail não foi entregue para admin@sudam.gov.br com mais 5 tentativas restantes.. Mensagem: [GLPI #0000088] Novo chamado fasdfa, Erro: Invalid address:  (Sender): CTI
2019-09-04 16:03:03 [297@3ab56e61a69f]
Atenção: um e-mail não foi entregue para admin@sudam.gov.br com mais 5 tentativas restantes.. Mensagem: [GLPI #0000088] Chamado solucionado fasdfa, Erro: Invalid address:  (Sender): CTI
2019-09-04 16:04:01 [297@3ab56e61a69f]
Atenção: um e-mail não foi entregue para madson.carvalho@sudam.gov.br com mais 5 tentativas restantes.. Mensagem: [GLPI #0000089] Novo usuário em requerentes testeste, Erro: Invalid address:  (Sender): CTI
2019-09-04 16:09:06 [297@3ab56e61a69f]
Atenção: um e-mail não foi entregue para admin@sudam.gov.br com mais 5 tentativas restantes.. Mensagem: [GLPI #0000089] Pesquisa de satisfação testeste, Erro: Invalid address:  (Sender): CTI
2019-09-04 16:22:09 [@3ab56e61a69f]
Atenção: um e-mail não foi entregue para pedro.rolim@sudam.gov.br com mais 5 tentativas restantes.. Mensagem: [GLPI #0000086] Novo chamado hy54thgrhert, Erro: Invalid address:  (Sender): CTI
2019-09-04 16:22:09 [@3ab56e61a69f]
Atenção: um e-mail não foi entregue para pedro.leite@sudam.gov.br com mais 5 tentativas restantes.. Mensagem: [GLPI #0000086] Novo chamado hy54thgrhert, Erro: Invalid address:  (Sender): CTI
2019-09-04 16:22:09 [@3ab56e61a69f]
Atenção: um e-mail não foi entregue para jpbarral22@gmail.com com mais 5 tentativas restantes.. Mensagem: [GLPI #0000086] Novo chamado hy54thgrhert, Erro: Invalid address:  (Sender): CTI
2019-09-04 16:22:09 [@3ab56e61a69f]
Atenção: um e-mail não foi entregue para paulo.silva@sudam.gov.br com mais 5 tentativas restantes.. Mensagem: [GLPI #0000086] Novo chamado hy54thgrhert, Erro: Invalid address:  (Sender): CTI
2019-09-04 16:22:09 [@3ab56e61a69f]
Atenção: um e-mail não foi entregue para paulo.nery@sudam.gov.br com mais 5 tentativas restantes.. Mensagem: [GLPI #0000086] Novo chamado hy54thgrhert, Erro: Invalid address:  (Sender): CTI
2019-09-04 16:22:09 [@3ab56e61a69f]
Atenção: um e-mail não foi entregue para paulo.contente@sudam.gov.br com mais 5 tentativas restantes.. Mensagem: [GLPI #0000086] Novo chamado hy54thgrhert, Erro: Invalid address:  (Sender): CTI
2019-09-04 16:22:09 [@3ab56e61a69f]
Atenção: um e-mail não foi entregue para paulo.alves@sudam.gov.br com mais 5 tentativas restantes.. Mensagem: [GLPI #0000086] Novo chamado hy54thgrhert, Erro: Invalid address:  (Sender): CTI
2019-09-04 16:22:09 [@3ab56e61a69f]
Atenção: um e-mail não foi entregue para paulizena.carmo@sudam.gov.br com mais 5 tentativas restantes.. Mensagem: [GLPI #0000086] Novo chamado hy54thgrhert, Erro: Invalid address:  (Sender): CTI
2019-09-04 16:22:10 [@3ab56e61a69f]
Atenção: um e-mail não foi entregue para patricianereis@gmail.com com mais 5 tentativas restantes.. Mensagem: [GLPI #0000086] Novo chamado hy54thgrhert, Erro: Invalid address:  (Sender): CTI
2019-09-04 16:22:10 [@3ab56e61a69f]
Atenção: um e-mail não foi entregue para patricia.lamego@sudam.gov.br com mais 5 tentativas restantes.. Mensagem: [GLPI #0000086] Novo chamado hy54thgrhert, Erro: Invalid address:  (Sender): CTI
2019-09-04 16:22:10 [@3ab56e61a69f]
Atenção: um e-mail não foi entregue para palomacristina96@hotmail.com com mais 5 tentativas restantes.. Mensagem: [GLPI #0000086] Novo chamado hy54thgrhert, Erro: Invalid address:  (Sender): CTI
2019-09-04 16:22:10 [@3ab56e61a69f]
Atenção: um e-mail não foi entregue para pablopaiva29p@gmail.com com mais 5 tentativas restantes.. Mensagem: [GLPI #0000086] Novo chamado hy54thgrhert, Erro: Invalid address:  (Sender): CTI
2019-09-04 16:22:10 [@3ab56e61a69f]
Atenção: um e-mail não foi entregue para ouvidoria.fno@sudam.gov.br com mais 5 tentativas restantes.. Mensagem: [GLPI #0000086] Novo chamado hy54thgrhert, Erro: Invalid address:  (Sender): CTI
2019-09-04 16:22:11 [@3ab56e61a69f]
Atenção: um e-mail não foi entregue para ouvidoria@sudam.gov.br com mais 5 tentativas restantes.. Mensagem: [GLPI #0000086] Novo chamado hy54thgrhert, Erro: Invalid address:  (Sender): CTI
2019-09-04 16:22:11 [@3ab56e61a69f]
Atenção: um e-mail não foi entregue para ouv.ferias@sudam.gov.br com mais 5 tentativas restantes.. Mensagem: [GLPI #0000086] Novo chamado hy54thgrhert, Erro: Invalid address:  (Sender): CTI
2019-09-04 16:22:11 [@3ab56e61a69f]
Atenção: um e-mail não foi entregue para oscarttorress@gmail.com com mais 5 tentativas restantes.. Mensagem: [GLPI #0000086] Novo chamado hy54thgrhert, Erro: Invalid address:  (Sender): CTI
2019-09-04 16:22:11 [@3ab56e61a69f]
Atenção: um e-mail não foi entregue para opnneto@gmail.com com mais 5 tentativas restantes.. Mensagem: [GLPI #0000086] Novo chamado hy54thgrhert, Erro: Invalid address:  (Sender): CTI
2019-09-04 16:22:11 [@3ab56e61a69f]
Atenção: um e-mail não foi entregue para ngrc@sudam.gov.br com mais 5 tentativas restantes.. Mensagem: [GLPI #0000086] Novo chamado hy54thgrhert, Erro: Invalid address:  (Sender): CTI
2019-09-04 16:22:11 [@3ab56e61a69f]
Atenção: um e-mail não foi entregue para neyvan.lima@sudam.gov.br com mais 5 tentativas restantes.. Mensagem: [GLPI #0000086] Novo chamado hy54thgrhert, Erro: Invalid address:  (Sender): CTI
2019-09-04 16:22:11 [@3ab56e61a69f]
Atenção: um e-mail não foi entregue para ney.pinheiro@sudam.gov.br com mais 5 tentativas restantes.. Mensagem: [GLPI #0000086] Novo chamado hy54thgrhert, Erro: Invalid address:  (Sender): CTI
2019-09-04 16:22:11 [@3ab56e61a69f]
Atenção: um e-mail não foi entregue para neudilena@ig.com.br com mais 5 tentativas restantes.. Mensagem: [GLPI #0000086] Novo chamado hy54thgrhert, Erro: Invalid address:  (Sender): CTI
2019-09-04 16:22:11 [@3ab56e61a69f]
Atenção: um e-mail não foi entregue para nazareno.benjamin@sudam.gov.br com mais 5 tentativas restantes.. Mensagem: [GLPI #0000086] Novo chamado hy54thgrhert, Erro: Invalid address:  (Sender): CTI
2019-09-04 16:22:11 [@3ab56e61a69f]
Atenção: um e-mail não foi entregue para nathysilva182@gmail.com com mais 5 tentativas restantes.. Mensagem: [GLPI #0000086] Novo chamado hy54thgrhert, Erro: Invalid address:  (Sender): CTI
2019-09-04 16:22:11 [@3ab56e61a69f]
Atenção: um e-mail não foi entregue para natalia.20@outlook.com.br com mais 5 tentativas restantes.. Mensagem: [GLPI #0000086] Novo chamado hy54thgrhert, Erro: Invalid address:  (Sender): CTI
2019-09-04 16:22:11 [@3ab56e61a69f]
Atenção: um e-mail não foi entregue para narda.gomes@sudam.gov.br com mais 5 tentativas restantes.. Mensagem: [GLPI #0000086] Novo chamado hy54thgrhert, Erro: Invalid address:  (Sender): CTI
2019-09-04 16:22:11 [@3ab56e61a69f]
Atenção: um e-mail não foi entregue para nairo.santos@sudam.gov.br com mais 5 tentativas restantes.. Mensagem: [GLPI #0000086] Novo chamado hy54thgrhert, Erro: Invalid address:  (Sender): CTI
2019-09-04 16:22:11 [@3ab56e61a69f]
Atenção: um e-mail não foi entregue para nadia.cristo@sudam.gov.br com mais 5 tentativas restantes.. Mensagem: [GLPI #0000086] Novo chamado hy54thgrhert, Erro: Invalid address:  (Sender): CTI
2019-09-04 16:22:11 [@3ab56e61a69f]
Atenção: um e-mail não foi entregue para naara.soares@sudam.gov.br com mais 5 tentativas restantes.. Mensagem: [GLPI #0000086] Novo chamado hy54thgrhert, Erro: Invalid address:  (Sender): CTI
2019-09-04 16:22:12 [@3ab56e61a69f]
Atenção: um e-mail não foi entregue para monitoramento.amazonia@sudam.gov.br com mais 5 tentativas restantes.. Mensagem: [GLPI #0000086] Novo chamado hy54thgrhert, Erro: Invalid address:  (Sender): CTI
2019-09-04 16:22:12 [@3ab56e61a69f]
Atenção: um e-mail não foi entregue para monitoramento@sudam.gov.br com mais 5 tentativas restantes.. Mensagem: [GLPI #0000086] Novo chamado hy54thgrhert, Erro: Invalid address:  (Sender): CTI
2019-09-04 16:22:12 [@3ab56e61a69f]
Atenção: um e-mail não foi entregue para monitora.app@sudam.gov.br com mais 5 tentativas restantes.. Mensagem: [GLPI #0000086] Novo chamado hy54thgrhert, Erro: Invalid address:  (Sender): CTI
2019-09-04 16:22:12 [@3ab56e61a69f]
Atenção: um e-mail não foi entregue para moacir.silva@sudam.gov.br com mais 5 tentativas restantes.. Mensagem: [GLPI #0000086] Novo chamado hy54thgrhert, Erro: Invalid address:  (Sender): CTI
2019-09-04 16:22:12 [@3ab56e61a69f]
Atenção: um e-mail não foi entregue para minoru.sasaki@sudam.gov.br com mais 5 tentativas restantes.. Mensagem: [GLPI #0000086] Novo chamado hy54thgrhert, Erro: Invalid address:  (Sender): CTI
2019-09-04 16:22:12 [@3ab56e61a69f]
Atenção: um e-mail não foi entregue para michellauad@hotmail.com com mais 5 tentativas restantes.. Mensagem: [GLPI #0000086] Novo chamado hy54thgrhert, Erro: Invalid address:  (Sender): CTI
2019-09-04 16:22:12 [@3ab56e61a69f]
Atenção: um e-mail não foi entregue para michel.messias@sudam.gov.br com mais 5 tentativas restantes.. Mensagem: [GLPI #0000086] Novo chamado hy54thgrhert, Erro: Invalid address:  (Sender): CTI
2019-09-04 16:22:12 [@3ab56e61a69f]
Atenção: um e-mail não foi entregue para mauricio.souza@sudam.gov.br com mais 5 tentativas restantes.. Mensagem: [GLPI #0000086] Novo chamado hy54thgrhert, Erro: Invalid address:  (Sender): CTI
2019-09-04 16:22:12 [@3ab56e61a69f]
Atenção: um e-mail não foi entregue para maura.mendes@sudam.gov.br com mais 5 tentativas restantes.. Mensagem: [GLPI #0000086] Novo chamado hy54thgrhert, Erro: Invalid address:  (Sender): CTI
2019-09-04 16:22:12 [@3ab56e61a69f]
Atenção: um e-mail não foi entregue para mateusrebelo22@gmail.com com mais 5 tentativas restantes.. Mensagem: [GLPI #0000086] Novo chamado hy54thgrhert, Erro: Invalid address:  (Sender): CTI
2019-09-04 16:22:12 [@3ab56e61a69f]
Atenção: um e-mail não foi entregue para marta.matos@sudam.gov.br com mais 5 tentativas restantes.. Mensagem: [GLPI #0000086] Novo chamado hy54thgrhert, Erro: Invalid address:  (Sender): CTI
2019-09-04 16:22:12 [@3ab56e61a69f]
Atenção: um e-mail não foi entregue para marson.sena@gmail.com com mais 5 tentativas restantes.. Mensagem: [GLPI #0000086] Novo chamado hy54thgrhert, Erro: Invalid address:  (Sender): CTI
2019-09-04 16:22:12 [@3ab56e61a69f]
Atenção: um e-mail não foi entregue para marly.miranda@sudam.gov.br com mais 5 tentativas restantes.. Mensagem: [GLPI #0000086] Novo chamado hy54thgrhert, Erro: Invalid address:  (Sender): CTI
2019-09-04 16:22:12 [@3ab56e61a69f]
Atenção: um e-mail não foi entregue para mario.pinheiro@sudam.gov.br com mais 5 tentativas restantes.. Mensagem: [GLPI #0000086] Novo chamado hy54thgrhert, Erro: Invalid address:  (Sender): CTI
2019-09-04 16:22:13 [@3ab56e61a69f]
Atenção: um e-mail não foi entregue para mario.cruz@sudam.gov.br com mais 5 tentativas restantes.. Mensagem: [GLPI #0000086] Novo chamado hy54thgrhert, Erro: Invalid address:  (Sender): CTI
2019-09-04 16:22:13 [@3ab56e61a69f]
Atenção: um e-mail não foi entregue para marilena@sudam.gov.br com mais 5 tentativas restantes.. Mensagem: [GLPI #0000086] Novo chamado hy54thgrhert, Erro: Invalid address:  (Sender): CTI
2019-09-04 16:22:13 [@3ab56e61a69f]
Atenção: um e-mail não foi entregue para dalva_barreto@yahoo.com.br com mais 5 tentativas restantes.. Mensagem: [GLPI #0000086] Novo chamado hy54thgrhert, Erro: Invalid address:  (Sender): CTI
2019-09-04 16:22:13 [@3ab56e61a69f]
Atenção: um e-mail não foi entregue para mariajose.pinto@sudam.gov.br com mais 5 tentativas restantes.. Mensagem: [GLPI #0000086] Novo chamado hy54thgrhert, Erro: Invalid address:  (Sender): CTI
2019-09-04 16:22:13 [@3ab56e61a69f]
Atenção: um e-mail não foi entregue para mariajose.alves@sudam.gov.br com mais 5 tentativas restantes.. Mensagem: [GLPI #0000086] Novo chamado hy54thgrhert, Erro: Invalid address:  (Sender): CTI
2019-09-04 16:22:13 [@3ab56e61a69f]
Atenção: um e-mail não foi entregue para lourdessouza1005@hotmail.com com mais 5 tentativas restantes.. Mensagem: [GLPI #0000086] Novo chamado hy54thgrhert, Erro: Invalid address:  (Sender): CTI
2019-09-04 16:22:13 [@3ab56e61a69f]
Atenção: um e-mail não foi entregue para maria.moraes@sudam.gov.br com mais 5 tentativas restantes.. Mensagem: [GLPI #0000086] Novo chamado hy54thgrhert, Erro: Invalid address:  (Sender): CTI
2019-09-04 16:22:14 [@3ab56e61a69f]
Atenção: um e-mail não foi entregue para maria.lima@sudam.gov.br com mais 5 tentativas restantes.. Mensagem: [GLPI #0000086] Novo chamado hy54thgrhert, Erro: Invalid address:  (Sender): CTI
2019-09-05 09:55:30 [247@3ab56e61a69f]
Atenção: um e-mail não foi entregue para maria.coelho@sudam.gov.br com mais 5 tentativas restantes.. Mensagem: [GLPI #0000086] Novo chamado hy54thgrhert, Erro: Invalid address:  (Sender): CTI
2019-09-05 09:55:31 [247@3ab56e61a69f]
Atenção: um e-mail não foi entregue para mcelia8@hotmail.com com mais 5 tentativas restantes.. Mensagem: [GLPI #0000086] Novo chamado hy54thgrhert, Erro: Invalid address:  (Sender): CTI
2019-09-05 09:55:31 [247@3ab56e61a69f]
Atenção: um e-mail não foi entregue para margareth.santos@sudam.gov.br com mais 5 tentativas restantes.. Mensagem: [GLPI #0000086] Novo chamado hy54thgrhert, Erro: Invalid address:  (Sender): CTI
2019-09-05 09:55:31 [247@3ab56e61a69f]
Atenção: um e-mail não foi entregue para margarete.reis@sudam.gov.br com mais 5 tentativas restantes.. Mensagem: [GLPI #0000086] Novo chamado hy54thgrhert, Erro: Invalid address:  (Sender): CTI
2019-09-05 09:55:31 [247@3ab56e61a69f]
Atenção: um e-mail não foi entregue para marcos.tavares@sudam.gov.br com mais 5 tentativas restantes.. Mensagem: [GLPI #0000086] Novo chamado hy54thgrhert, Erro: Invalid address:  (Sender): CTI
2019-09-05 09:55:31 [247@3ab56e61a69f]
Atenção: um e-mail não foi entregue para marcoscppaiva@gmail.com com mais 5 tentativas restantes.. Mensagem: [GLPI #0000086] Novo chamado hy54thgrhert, Erro: Invalid address:  (Sender): CTI
2019-09-05 09:55:31 [247@3ab56e61a69f]
Atenção: um e-mail não foi entregue para marcos.almeida@sudam.gov.br com mais 5 tentativas restantes.. Mensagem: [GLPI #0000086] Novo chamado hy54thgrhert, Erro: Invalid address:  (Sender): CTI
2019-09-05 09:55:31 [247@3ab56e61a69f]
Atenção: um e-mail não foi entregue para marco.andre.souza@hotmail.com com mais 5 tentativas restantes.. Mensagem: [GLPI #0000086] Novo chamado hy54thgrhert, Erro: Invalid address:  (Sender): CTI
2019-09-05 09:55:31 [247@3ab56e61a69f]
Atenção: um e-mail não foi entregue para marcio.guerra@sudam.gov.br com mais 5 tentativas restantes.. Mensagem: [GLPI #0000086] Novo chamado hy54thgrhert, Erro: Invalid address:  (Sender): CTI
2019-09-05 09:55:32 [247@3ab56e61a69f]
Atenção: um e-mail não foi entregue para marciabb25.mf@gmail.com com mais 5 tentativas restantes.. Mensagem: [GLPI #0000086] Novo chamado hy54thgrhert, Erro: Invalid address:  (Sender): CTI
2019-09-05 09:55:32 [247@3ab56e61a69f]
Atenção: um e-mail não foi entregue para marcia.dopazo@sudam.gov.br com mais 5 tentativas restantes.. Mensagem: [GLPI #0000086] Novo chamado hy54thgrhert, Erro: Invalid address:  (Sender): CTI
2019-09-05 09:55:32 [247@3ab56e61a69f]
Atenção: um e-mail não foi entregue para marcia.alves@sudam.gov.br com mais 5 tentativas restantes.. Mensagem: [GLPI #0000086] Novo chamado hy54thgrhert, Erro: Invalid address:  (Sender): CTI
2019-09-05 09:55:32 [247@3ab56e61a69f]
Atenção: um e-mail não foi entregue para macristo@stefanini.com com mais 5 tentativas restantes.. Mensagem: [GLPI #0000086] Novo chamado hy54thgrhert, Erro: Invalid address:  (Sender): CTI
2019-09-05 09:55:32 [247@3ab56e61a69f]
Atenção: um e-mail não foi entregue para manuela.andrade@sudam.gov.br com mais 5 tentativas restantes.. Mensagem: [GLPI #0000086] Novo chamado hy54thgrhert, Erro: Invalid address:  (Sender): CTI
2019-09-05 09:55:32 [247@3ab56e61a69f]
Atenção: um e-mail não foi entregue para manoela.carneiro@sudam.gov.br com mais 5 tentativas restantes.. Mensagem: [GLPI #0000086] Novo chamado hy54thgrhert, Erro: Invalid address:  (Sender): CTI
2019-09-05 09:55:32 [247@3ab56e61a69f]
Atenção: um e-mail não foi entregue para manoel.tolosa@sudam.gov.br com mais 5 tentativas restantes.. Mensagem: [GLPI #0000086] Novo chamado hy54thgrhert, Erro: Invalid address:  (Sender): CTI
2019-09-05 09:55:32 [247@3ab56e61a69f]
Atenção: um e-mail não foi entregue para manoel.silva@sudam.gov.br com mais 5 tentativas restantes.. Mensagem: [GLPI #0000086] Novo chamado hy54thgrhert, Erro: Invalid address:  (Sender): CTI
2019-09-05 09:55:32 [247@3ab56e61a69f]
Atenção: um e-mail não foi entregue para madson_macedo@hotmail.com com mais 5 tentativas restantes.. Mensagem: [GLPI #0000086] Novo chamado hy54thgrhert, Erro: Invalid address:  (Sender): CTI
2019-09-05 09:55:32 [247@3ab56e61a69f]
Atenção: um e-mail não foi entregue para madalena.pantoja@sudam.gov.br com mais 5 tentativas restantes.. Mensagem: [GLPI #0000086] Novo chamado hy54thgrhert, Erro: Invalid address:  (Sender): CTI
2019-09-05 09:55:32 [247@3ab56e61a69f]
Atenção: um e-mail não foi entregue para luiz.paiva@sudam.gov.br com mais 5 tentativas restantes.. Mensagem: [GLPI #0000086] Novo chamado hy54thgrhert, Erro: Invalid address:  (Sender): CTI
2019-09-05 09:55:32 [247@3ab56e61a69f]
Atenção: um e-mail não foi entregue para luiz.moreira@sudam.gov.br com mais 5 tentativas restantes.. Mensagem: [GLPI #0000086] Novo chamado hy54thgrhert, Erro: Invalid address:  (Sender): CTI
2019-09-05 09:55:32 [247@3ab56e61a69f]
Atenção: um e-mail não foi entregue para luiz.costa@sudam.gov.br com mais 5 tentativas restantes.. Mensagem: [GLPI #0000086] Novo chamado hy54thgrhert, Erro: Invalid address:  (Sender): CTI
2019-09-05 09:55:32 [247@3ab56e61a69f]
Atenção: um e-mail não foi entregue para luis.monteiro@sudam.gov.br com mais 5 tentativas restantes.. Mensagem: [GLPI #0000086] Novo chamado hy54thgrhert, Erro: Invalid address:  (Sender): CTI
2019-09-05 09:55:33 [247@3ab56e61a69f]
Atenção: um e-mail não foi entregue para lucio.macedo@sudam.gov.br com mais 5 tentativas restantes.. Mensagem: [GLPI #0000086] Novo chamado hy54thgrhert, Erro: Invalid address:  (Sender): CTI
2019-09-05 09:55:33 [247@3ab56e61a69f]
Atenção: um e-mail não foi entregue para luciano.chagas@sudam.gov.br com mais 5 tentativas restantes.. Mensagem: [GLPI #0000086] Novo chamado hy54thgrhert, Erro: Invalid address:  (Sender): CTI
2019-09-05 09:55:33 [247@3ab56e61a69f]
Atenção: um e-mail não foi entregue para cassiasousa01@hotmail.com com mais 5 tentativas restantes.. Mensagem: [GLPI #0000086] Novo chamado hy54thgrhert, Erro: Invalid address:  (Sender): CTI
2019-09-05 09:55:33 [247@3ab56e61a69f]
Atenção: um e-mail não foi entregue para lucia.rossy@sudam.gov.br com mais 5 tentativas restantes.. Mensagem: [GLPI #0000086] Novo chamado hy54thgrhert, Erro: Invalid address:  (Sender): CTI
2019-09-05 09:55:33 [247@3ab56e61a69f]
Atenção: um e-mail não foi entregue para lucelino.costa@sudam.gov.br com mais 5 tentativas restantes.. Mensagem: [GLPI #0000086] Novo chamado hy54thgrhert, Erro: Invalid address:  (Sender): CTI
2019-09-05 09:55:33 [247@3ab56e61a69f]
Atenção: um e-mail não foi entregue para lucas.negrao@sudam.gov.br com mais 5 tentativas restantes.. Mensagem: [GLPI #0000086] Novo chamado hy54thgrhert, Erro: Invalid address:  (Sender): CTI
2019-09-05 09:55:33 [247@3ab56e61a69f]
Atenção: um e-mail não foi entregue para luanatavaresmiranda@gmail.com com mais 5 tentativas restantes.. Mensagem: [GLPI #0000086] Novo chamado hy54thgrhert, Erro: Invalid address:  (Sender): CTI
2019-09-05 09:55:33 [247@3ab56e61a69f]
Atenção: um e-mail não foi entregue para lourival.correa@sudam.gov.br com mais 5 tentativas restantes.. Mensagem: [GLPI #0000086] Novo chamado hy54thgrhert, Erro: Invalid address:  (Sender): CTI
2019-09-05 09:55:33 [247@3ab56e61a69f]
Atenção: um e-mail não foi entregue para lorena.filgueiras@sudam.gov.br com mais 5 tentativas restantes.. Mensagem: [GLPI #0000086] Novo chamado hy54thgrhert, Erro: Invalid address:  (Sender): CTI
2019-09-05 09:55:33 [247@3ab56e61a69f]
Atenção: um e-mail não foi entregue para silvia.firmino30@gmail.com com mais 5 tentativas restantes.. Mensagem: [GLPI #0000086] Novo chamado hy54thgrhert, Erro: Invalid address:  (Sender): CTI
2019-09-05 09:55:33 [247@3ab56e61a69f]
Atenção: um e-mail não foi entregue para licitacao@sudam.gov.br com mais 5 tentativas restantes.. Mensagem: [GLPI #0000086] Novo chamado hy54thgrhert, Erro: Invalid address:  (Sender): CTI
2019-09-05 09:55:33 [247@3ab56e61a69f]
Atenção: um e-mail não foi entregue para leonardo.cruz@sudam.gov.br com mais 5 tentativas restantes.. Mensagem: [GLPI #0000086] Novo chamado hy54thgrhert, Erro: Invalid address:  (Sender): CTI
2019-09-05 09:55:34 [247@3ab56e61a69f]
Atenção: um e-mail não foi entregue para leonardo.alves@sudam.gov.br com mais 5 tentativas restantes.. Mensagem: [GLPI #0000086] Novo chamado hy54thgrhert, Erro: Invalid address:  (Sender): CTI
2019-09-05 09:55:34 [247@3ab56e61a69f]
Atenção: um e-mail não foi entregue para ly.hantani@gmail.com com mais 5 tentativas restantes.. Mensagem: [GLPI #0000086] Novo chamado hy54thgrhert, Erro: Invalid address:  (Sender): CTI
2019-09-05 09:55:34 [247@3ab56e61a69f]
Atenção: um e-mail não foi entregue para lenimsouza59@gmail.com com mais 5 tentativas restantes.. Mensagem: [GLPI #0000086] Novo chamado hy54thgrhert, Erro: Invalid address:  (Sender): CTI
2019-09-05 09:55:34 [247@3ab56e61a69f]
Atenção: um e-mail não foi entregue para leandromuller.jor@gmail.com com mais 5 tentativas restantes.. Mensagem: [GLPI #0000086] Novo chamado hy54thgrhert, Erro: Invalid address:  (Sender): CTI
2019-09-05 09:55:34 [247@3ab56e61a69f]
Atenção: um e-mail não foi entregue para lea.costa@sudam.gov.br com mais 5 tentativas restantes.. Mensagem: [GLPI #0000086] Novo chamado hy54thgrhert, Erro: Invalid address:  (Sender): CTI
2019-09-05 09:55:34 [247@3ab56e61a69f]
Atenção: um e-mail não foi entregue para layzarossi@hotmail.com com mais 5 tentativas restantes.. Mensagem: [GLPI #0000086] Novo chamado hy54thgrhert, Erro: Invalid address:  (Sender): CTI
2019-09-05 09:55:34 [247@3ab56e61a69f]
Atenção: um e-mail não foi entregue para lavinia.garcia@sudam.gov.br com mais 5 tentativas restantes.. Mensagem: [GLPI #0000086] Novo chamado hy54thgrhert, Erro: Invalid address:  (Sender): CTI
2019-09-05 09:55:34 [247@3ab56e61a69f]
Atenção: um e-mail não foi entregue para pillar_santiagos@outlook.com com mais 5 tentativas restantes.. Mensagem: [GLPI #0000086] Novo chamado hy54thgrhert, Erro: Invalid address:  (Sender): CTI
2019-09-05 09:55:34 [247@3ab56e61a69f]
Atenção: um e-mail não foi entregue para laura.monteiro@sudam.gov.br com mais 5 tentativas restantes.. Mensagem: [GLPI #0000086] Novo chamado hy54thgrhert, Erro: Invalid address:  (Sender): CTI
2019-09-05 09:55:34 [247@3ab56e61a69f]
Atenção: um e-mail não foi entregue para larissa.lobato@sudam.gov.br com mais 5 tentativas restantes.. Mensagem: [GLPI #0000086] Novo chamado hy54thgrhert, Erro: Invalid address:  (Sender): CTI
2019-09-05 09:55:35 [247@3ab56e61a69f]
Atenção: um e-mail não foi entregue para klener.bryto@sudam.gov.br com mais 5 tentativas restantes.. Mensagem: [GLPI #0000086] Novo chamado hy54thgrhert, Erro: Invalid address:  (Sender): CTI
2019-09-05 09:55:35 [247@3ab56e61a69f]
Atenção: um e-mail não foi entregue para kleber.mourao@sudam.gov.br com mais 5 tentativas restantes.. Mensagem: [GLPI #0000086] Novo chamado hy54thgrhert, Erro: Invalid address:  (Sender): CTI
2019-09-05 09:55:35 [247@3ab56e61a69f]
Atenção: um e-mail não foi entregue para kerlice.rodrigues@sudam.gov.br com mais 5 tentativas restantes.. Mensagem: [GLPI #0000086] Novo chamado hy54thgrhert, Erro: Invalid address:  (Sender): CTI
2019-09-05 09:55:35 [247@3ab56e61a69f]
Atenção: um e-mail não foi entregue para keppler.mota@sudam.gov.br com mais 5 tentativas restantes.. Mensagem: [GLPI #0000086] Novo chamado hy54thgrhert, Erro: Invalid address:  (Sender): CTI
2019-09-05 09:55:35 [247@3ab56e61a69f]
Atenção: um e-mail não foi entregue para katyannebarata@hotmail.com com mais 5 tentativas restantes.. Mensagem: [GLPI #0000086] Novo chamado hy54thgrhert, Erro: Invalid address:  (Sender): CTI
